{
    "2020-06-23-14-53-15.4426":{
        "action":"created"
    },
    "2020-06-23-14-53-15.4815":{
        "action":"saved",
        "file name":"DY_likelihood.h5",
        "file path":"C:\\Users\\Admin\\Dropbox\\Work\\09_Resources\\Git\\GitHub\\DNNLikelihood\\DNNLikelihood_dev\\tutorials\\Drell-Yan\\Likelihood\\DY_likelihood.h5"
    },
    "2020-06-23-14-53-42.9449":{
        "action":"saved figure",
        "file name":"DY_likelihood_figure_par_0.pdf",
        "file path":"C:\\Users\\Admin\\Dropbox\\Work\\09_Resources\\Git\\GitHub\\DNNLikelihood\\DNNLikelihood_dev\\tutorials\\Drell-Yan\\Likelihood\\figures\\DY_likelihood_figure_par_0.pdf"
    },
    "2020-06-23-14-53-44.8268":{
        "action":"saved figure",
        "file name":"DY_likelihood_figure_par_1.pdf",
        "file path":"C:\\Users\\Admin\\Dropbox\\Work\\09_Resources\\Git\\GitHub\\DNNLikelihood\\DNNLikelihood_dev\\tutorials\\Drell-Yan\\Likelihood\\figures\\DY_likelihood_figure_par_1.pdf"
    },
    "2020-06-23-14-54-20.6191":{
        "action":"computed maximum logpdf"
    },
    "2020-06-23-14-54-43.0681":{
        "action":"computed maximum logpdf"
    },
    "2020-06-23-17-21-32.1845":{
        "action":"computed profiled maxima",
        "pars":[
            0,
            1
        ],
        "pars_ranges":[
            [
                -1,
                1,
                30
            ],
            [
                -1,
                1,
                30
            ]
        ],
        "number of maxima":900
    },
    "2020-06-23-17-33-35.6220":{
        "action":"saved",
        "file name":"DY_likelihood_script.py",
        "file path":"C:\\Users\\Admin\\Dropbox\\Work\\09_Resources\\Git\\GitHub\\DNNLikelihood\\DNNLikelihood_dev\\tutorials\\Drell-Yan\\Likelihood\\DY_likelihood_script.py"
    },
    "2020-06-23-17-33-36.3528":{
        "action":"saved",
        "file name":"DY_likelihood.h5",
        "file path":"C:\\Users\\Admin\\Dropbox\\Work\\09_Resources\\Git\\GitHub\\DNNLikelihood\\DNNLikelihood_dev\\tutorials\\Drell-Yan\\Likelihood\\DY_likelihood.h5"
    },
    "2020-06-23-17-33-50.4198":{
        "action":"loaded",
        "files names":[
            "DY_likelihood.h5",
            "DY_likelihood.log"
        ],
        "files paths":[
            "C:\\Users\\Admin\\Dropbox\\Work\\09_Resources\\Git\\GitHub\\DNNLikelihood\\DNNLikelihood_dev\\tutorials\\Drell-Yan\\Likelihood\\DY_likelihood.h5",
            "C:\\Users\\Admin\\Dropbox\\Work\\09_Resources\\Git\\GitHub\\DNNLikelihood\\DNNLikelihood_dev\\tutorials\\Drell-Yan\\Likelihood\\DY_likelihood.log"
        ]
    },
    "2020-06-23-17-34-12.1804":{
        "action":"loaded",
        "files names":[
            "DY_likelihood.h5",
            "DY_likelihood.log"
        ],
        "files paths":[
            "C:\\Users\\Admin\\Dropbox\\Work\\09_Resources\\Git\\GitHub\\DNNLikelihood\\DNNLikelihood_dev\\tutorials\\Drell-Yan\\Likelihood\\DY_likelihood.h5",
            "C:\\Users\\Admin\\Dropbox\\Work\\09_Resources\\Git\\GitHub\\DNNLikelihood\\DNNLikelihood_dev\\tutorials\\Drell-Yan\\Likelihood\\DY_likelihood.log"
        ]
    }
}