{
    "2020-06-14-08-33-50.7821":{
        "action":"created"
    },
    "2020-06-14-08-33-50.8050":{
        "action":"saved",
        "file name":"DY_likelihood.h5",
        "file path":"C:\\Users\\Admin\\Dropbox\\Work\\09_Resources\\Git\\GitHub\\DNNLikelihood\\DNNLikelihood_dev\\tutorials\\Drell-Yan\\Likelihood\\DY_likelihood.h5"
    },
    "2020-06-14-08-34-09.4149":{
        "action":"saved figure",
        "file name":"DY_likelihood_figure_par_0.pdf",
        "file path":"C:\\Users\\Admin\\Dropbox\\Work\\09_Resources\\Git\\GitHub\\DNNLikelihood\\DNNLikelihood_dev\\tutorials\\Drell-Yan\\Likelihood\\figures\\DY_likelihood_figure_par_0.pdf"
    },
    "2020-06-14-08-34-09.9890":{
        "action":"saved figure",
        "file name":"DY_likelihood_figure_par_1.pdf",
        "file path":"C:\\Users\\Admin\\Dropbox\\Work\\09_Resources\\Git\\GitHub\\DNNLikelihood\\DNNLikelihood_dev\\tutorials\\Drell-Yan\\Likelihood\\figures\\DY_likelihood_figure_par_1.pdf"
    },
    "2020-06-14-08-34-17.5788":{
        "action":"computed maximum logpdf"
    },
    "2020-06-14-08-34-25.1168":{
        "action":"computed maximum logpdf"
    },
    "2020-06-14-09-34-43.8343":{
        "action":"computed profiled maxima",
        "pars":[
            0,
            1
        ],
        "pars_ranges":[
            [
                -1.0,
                0.8,
                30.0
            ],
            [
                -1.5,
                1.2,
                30.0
            ]
        ],
        "number of maxima":900
    },
    "2020-06-14-09-34-43.8683":{
        "action":"saved",
        "file name":"DY_likelihood_script.py",
        "file path":"C:\\Users\\Admin\\Dropbox\\Work\\09_Resources\\Git\\GitHub\\DNNLikelihood\\DNNLikelihood_dev\\tutorials\\Drell-Yan\\Likelihood\\DY_likelihood_script.py"
    },
    "2020-06-14-09-34-43.9092":{
        "action":"saved",
        "file name":"DY_likelihood.h5",
        "file path":"C:\\Users\\Admin\\Dropbox\\Work\\09_Resources\\Git\\GitHub\\DNNLikelihood\\DNNLikelihood_dev\\tutorials\\Drell-Yan\\Likelihood\\DY_likelihood.h5"
    },
    "2020-06-14-09-34-43.9492":{
        "action":"loaded",
        "files names":[
            "DY_likelihood.h5",
            "DY_likelihood.log"
        ],
        "files paths":[
            "C:\\Users\\Admin\\Dropbox\\Work\\09_Resources\\Git\\GitHub\\DNNLikelihood\\DNNLikelihood_dev\\tutorials\\Drell-Yan\\Likelihood\\DY_likelihood.h5",
            "C:\\Users\\Admin\\Dropbox\\Work\\09_Resources\\Git\\GitHub\\DNNLikelihood\\DNNLikelihood_dev\\tutorials\\Drell-Yan\\Likelihood\\DY_likelihood.log"
        ]
    },
    "2020-06-14-09-35-01.6665":{
        "action":"loaded",
        "files names":[
            "DY_likelihood.h5",
            "DY_likelihood.log"
        ],
        "files paths":[
            "C:\\Users\\Admin\\Dropbox\\Work\\09_Resources\\Git\\GitHub\\DNNLikelihood\\DNNLikelihood_dev\\tutorials\\Drell-Yan\\Likelihood\\DY_likelihood.h5",
            "C:\\Users\\Admin\\Dropbox\\Work\\09_Resources\\Git\\GitHub\\DNNLikelihood\\DNNLikelihood_dev\\tutorials\\Drell-Yan\\Likelihood\\DY_likelihood.log"
        ]
    }
}