{
    "2020-05-21-18-29-18.9446":{
        "action":"created"
    },
    "2020-05-21-18-29-18.9765":{
        "action":"saved",
        "file name":"toy_likelihood.h5",
        "file path":"C:\\Users\\Admin\\Dropbox\\Work\\09_Resources\\Git\\GitHub\\DNNLikelihood\\DNNLikelihood_dev\\tutorials\\toy\\toy\\likelihood\\toy_likelihood.h5"
    },
    "2020-05-21-18-29-51.7445":{
        "action":"saved figure",
        "file name":"toy_likelihood_figure_par_0.pdf",
        "file path":"C:\\Users\\Admin\\Dropbox\\Work\\09_Resources\\Git\\GitHub\\DNNLikelihood\\DNNLikelihood_dev\\tutorials\\toy\\toy\\likelihood\\figures\\toy_likelihood_figure_par_0.pdf"
    },
    "2020-05-21-18-29-52.4294":{
        "action":"saved figure",
        "file name":"toy_likelihood_figure_par_5.pdf",
        "file path":"C:\\Users\\Admin\\Dropbox\\Work\\09_Resources\\Git\\GitHub\\DNNLikelihood\\DNNLikelihood_dev\\tutorials\\toy\\toy\\likelihood\\figures\\toy_likelihood_figure_par_5.pdf"
    },
    "2020-05-21-18-29-52.5182":{
        "action":"computed maximum logpdf"
    },
    "2020-05-21-18-29-55.8489":{
        "action":"computed profiled maxima",
        "pars":[
            0
        ],
        "pars_ranges":[
            [
                -1,
                1,
                50
            ]
        ],
        "number of maxima":50
    },
    "2020-05-21-18-29-55.8739":{
        "action":"saved",
        "file name":"toy_likelihood_script.py",
        "file path":"C:\\Users\\Admin\\Dropbox\\Work\\09_Resources\\Git\\GitHub\\DNNLikelihood\\DNNLikelihood_dev\\tutorials\\toy\\toy\\likelihood\\toy_likelihood_script.py"
    },
    "2020-05-21-18-29-55.9248":{
        "action":"saved",
        "file name":"toy_likelihood.h5",
        "file path":"C:\\Users\\Admin\\Dropbox\\Work\\09_Resources\\Git\\GitHub\\DNNLikelihood\\DNNLikelihood_dev\\tutorials\\toy\\toy\\likelihood\\toy_likelihood.h5"
    },
    "2020-05-21-18-30-18.1217":{
        "action":"loaded",
        "files names":[
            "toy_likelihood.h5",
            "toy_likelihood.log"
        ],
        "files paths":[
            "C:\\Users\\Admin\\Dropbox\\Work\\09_Resources\\Git\\GitHub\\DNNLikelihood\\DNNLikelihood_dev\\tutorials\\toy\\toy\\likelihood\\toy_likelihood.h5",
            "C:\\Users\\Admin\\Dropbox\\Work\\09_Resources\\Git\\GitHub\\DNNLikelihood\\DNNLikelihood_dev\\tutorials\\toy\\toy\\likelihood\\toy_likelihood.log"
        ]
    },
    "2020-05-21-18-30-48.5410":{
        "action":"loaded",
        "files names":[
            "toy_likelihood.h5",
            "toy_likelihood.log"
        ],
        "files paths":[
            "C:\\Users\\Admin\\Dropbox\\Work\\09_Resources\\Git\\GitHub\\DNNLikelihood\\DNNLikelihood_dev\\tutorials\\toy\\toy\\likelihood\\toy_likelihood.h5",
            "C:\\Users\\Admin\\Dropbox\\Work\\09_Resources\\Git\\GitHub\\DNNLikelihood\\DNNLikelihood_dev\\tutorials\\toy\\toy\\likelihood\\toy_likelihood.log"
        ]
    },
    "2020-05-21-18-30-53.0133":{
        "action":"saved",
        "file name":"toy_likelihood_script.py",
        "file path":"C:\\Users\\Admin\\Dropbox\\Work\\09_Resources\\Git\\GitHub\\DNNLikelihood\\DNNLikelihood_dev\\tutorials\\toy\\toy\\likelihood\\toy_likelihood_script.py"
    },
    "2020-05-21-18-30-53.0433":{
        "action":"loaded",
        "files names":[
            "toy_likelihood.h5",
            "toy_likelihood.log"
        ],
        "files paths":[
            "C:\\Users\\Admin\\Dropbox\\Work\\09_Resources\\Git\\GitHub\\DNNLikelihood\\DNNLikelihood_dev\\tutorials\\toy\\toy\\likelihood\\toy_likelihood.h5",
            "C:\\Users\\Admin\\Dropbox\\Work\\09_Resources\\Git\\GitHub\\DNNLikelihood\\DNNLikelihood_dev\\tutorials\\toy\\toy\\likelihood\\toy_likelihood.log"
        ]
    },
    "2020-05-21-18-31-04.9712":{
        "action":"loaded",
        "files names":[
            "toy_likelihood.h5",
            "toy_likelihood.log"
        ],
        "files paths":[
            "C:\\Users\\Admin\\Dropbox\\Work\\09_Resources\\Git\\GitHub\\DNNLikelihood\\DNNLikelihood_dev\\tutorials\\toy\\toy\\likelihood\\toy_likelihood.h5",
            "C:\\Users\\Admin\\Dropbox\\Work\\09_Resources\\Git\\GitHub\\DNNLikelihood\\DNNLikelihood_dev\\tutorials\\toy\\toy\\likelihood\\toy_likelihood.log"
        ]
    },
    "2020-05-21-18-31-22.6210":{
        "action":"loaded",
        "files names":[
            "toy_likelihood.h5",
            "toy_likelihood.log"
        ],
        "files paths":[
            "C:\\Users\\Admin\\Dropbox\\Work\\09_Resources\\Git\\GitHub\\DNNLikelihood\\DNNLikelihood_dev\\tutorials\\toy\\toy\\likelihood\\toy_likelihood.h5",
            "C:\\Users\\Admin\\Dropbox\\Work\\09_Resources\\Git\\GitHub\\DNNLikelihood\\DNNLikelihood_dev\\tutorials\\toy\\toy\\likelihood\\toy_likelihood.log"
        ]
    },
    "2020-05-21-18-31-24.6928":{
        "action":"loaded",
        "files names":[
            "toy_likelihood.h5",
            "toy_likelihood.log"
        ],
        "files paths":[
            "C:\\Users\\Admin\\Dropbox\\Work\\09_Resources\\Git\\GitHub\\DNNLikelihood\\DNNLikelihood_dev\\tutorials\\toy\\toy\\likelihood\\toy_likelihood.h5",
            "C:\\Users\\Admin\\Dropbox\\Work\\09_Resources\\Git\\GitHub\\DNNLikelihood\\DNNLikelihood_dev\\tutorials\\toy\\toy\\likelihood\\toy_likelihood.log"
        ]
    },
    "2020-05-21-19-06-24.7661":{
        "action":"loaded",
        "files names":[
            "toy_likelihood.h5",
            "toy_likelihood.log"
        ],
        "files paths":[
            "C:\\Users\\Admin\\Dropbox\\Work\\09_Resources\\Git\\GitHub\\DNNLikelihood\\DNNLikelihood_dev\\tutorials\\toy\\toy\\likelihood\\toy_likelihood.h5",
            "C:\\Users\\Admin\\Dropbox\\Work\\09_Resources\\Git\\GitHub\\DNNLikelihood\\DNNLikelihood_dev\\tutorials\\toy\\toy\\likelihood\\toy_likelihood.log"
        ]
    },
    "2020-05-21-19-06-28.4183":{
        "action":"saved",
        "file name":"toy_likelihood_script.py",
        "file path":"C:\\Users\\Admin\\Dropbox\\Work\\09_Resources\\Git\\GitHub\\DNNLikelihood\\DNNLikelihood_dev\\tutorials\\toy\\toy\\likelihood\\toy_likelihood_script.py"
    },
    "2020-05-21-19-06-28.4442":{
        "action":"loaded",
        "files names":[
            "toy_likelihood.h5",
            "toy_likelihood.log"
        ],
        "files paths":[
            "C:\\Users\\Admin\\Dropbox\\Work\\09_Resources\\Git\\GitHub\\DNNLikelihood\\DNNLikelihood_dev\\tutorials\\toy\\toy\\likelihood\\toy_likelihood.h5",
            "C:\\Users\\Admin\\Dropbox\\Work\\09_Resources\\Git\\GitHub\\DNNLikelihood\\DNNLikelihood_dev\\tutorials\\toy\\toy\\likelihood\\toy_likelihood.log"
        ]
    },
    "2020-05-21-19-06-43.5181":{
        "action":"loaded",
        "files names":[
            "toy_likelihood.h5",
            "toy_likelihood.log"
        ],
        "files paths":[
            "C:\\Users\\Admin\\Dropbox\\Work\\09_Resources\\Git\\GitHub\\DNNLikelihood\\DNNLikelihood_dev\\tutorials\\toy\\toy\\likelihood\\toy_likelihood.h5",
            "C:\\Users\\Admin\\Dropbox\\Work\\09_Resources\\Git\\GitHub\\DNNLikelihood\\DNNLikelihood_dev\\tutorials\\toy\\toy\\likelihood\\toy_likelihood.log"
        ]
    },
    "2020-05-21-19-07-01.3854":{
        "action":"loaded",
        "files names":[
            "toy_likelihood.h5",
            "toy_likelihood.log"
        ],
        "files paths":[
            "C:\\Users\\Admin\\Dropbox\\Work\\09_Resources\\Git\\GitHub\\DNNLikelihood\\DNNLikelihood_dev\\tutorials\\toy\\toy\\likelihood\\toy_likelihood.h5",
            "C:\\Users\\Admin\\Dropbox\\Work\\09_Resources\\Git\\GitHub\\DNNLikelihood\\DNNLikelihood_dev\\tutorials\\toy\\toy\\likelihood\\toy_likelihood.log"
        ]
    },
    "2020-05-21-19-07-03.4561":{
        "action":"loaded",
        "files names":[
            "toy_likelihood.h5",
            "toy_likelihood.log"
        ],
        "files paths":[
            "C:\\Users\\Admin\\Dropbox\\Work\\09_Resources\\Git\\GitHub\\DNNLikelihood\\DNNLikelihood_dev\\tutorials\\toy\\toy\\likelihood\\toy_likelihood.h5",
            "C:\\Users\\Admin\\Dropbox\\Work\\09_Resources\\Git\\GitHub\\DNNLikelihood\\DNNLikelihood_dev\\tutorials\\toy\\toy\\likelihood\\toy_likelihood.log"
        ]
    },
    "2020-05-21-19-07-55.2316":{
        "action":"loaded",
        "files names":[
            "toy_likelihood.h5",
            "toy_likelihood.log"
        ],
        "files paths":[
            "C:\\Users\\Admin\\Dropbox\\Work\\09_Resources\\Git\\GitHub\\DNNLikelihood\\DNNLikelihood_dev\\tutorials\\toy\\toy\\likelihood\\toy_likelihood.h5",
            "C:\\Users\\Admin\\Dropbox\\Work\\09_Resources\\Git\\GitHub\\DNNLikelihood\\DNNLikelihood_dev\\tutorials\\toy\\toy\\likelihood\\toy_likelihood.log"
        ]
    },
    "2020-05-21-19-08-48.6248":{
        "action":"loaded",
        "files names":[
            "toy_likelihood.h5",
            "toy_likelihood.log"
        ],
        "files paths":[
            "C:\\Users\\Admin\\Dropbox\\Work\\09_Resources\\Git\\GitHub\\DNNLikelihood\\DNNLikelihood_dev\\tutorials\\toy\\toy\\likelihood\\toy_likelihood.h5",
            "C:\\Users\\Admin\\Dropbox\\Work\\09_Resources\\Git\\GitHub\\DNNLikelihood\\DNNLikelihood_dev\\tutorials\\toy\\toy\\likelihood\\toy_likelihood.log"
        ]
    },
    "2020-05-21-19-09-21.1142":{
        "action":"loaded",
        "files names":[
            "toy_likelihood.h5",
            "toy_likelihood.log"
        ],
        "files paths":[
            "C:\\Users\\Admin\\Dropbox\\Work\\09_Resources\\Git\\GitHub\\DNNLikelihood\\DNNLikelihood_dev\\tutorials\\toy\\toy\\likelihood\\toy_likelihood.h5",
            "C:\\Users\\Admin\\Dropbox\\Work\\09_Resources\\Git\\GitHub\\DNNLikelihood\\DNNLikelihood_dev\\tutorials\\toy\\toy\\likelihood\\toy_likelihood.log"
        ]
    },
    "2020-05-21-19-09-23.8521":{
        "action":"saved",
        "file name":"toy_likelihood_script.py",
        "file path":"C:\\Users\\Admin\\Dropbox\\Work\\09_Resources\\Git\\GitHub\\DNNLikelihood\\DNNLikelihood_dev\\tutorials\\toy\\toy\\likelihood\\toy_likelihood_script.py"
    },
    "2020-05-21-19-09-23.8800":{
        "action":"loaded",
        "files names":[
            "toy_likelihood.h5",
            "toy_likelihood.log"
        ],
        "files paths":[
            "C:\\Users\\Admin\\Dropbox\\Work\\09_Resources\\Git\\GitHub\\DNNLikelihood\\DNNLikelihood_dev\\tutorials\\toy\\toy\\likelihood\\toy_likelihood.h5",
            "C:\\Users\\Admin\\Dropbox\\Work\\09_Resources\\Git\\GitHub\\DNNLikelihood\\DNNLikelihood_dev\\tutorials\\toy\\toy\\likelihood\\toy_likelihood.log"
        ]
    },
    "2020-05-21-19-09-35.1998":{
        "action":"loaded",
        "files names":[
            "toy_likelihood.h5",
            "toy_likelihood.log"
        ],
        "files paths":[
            "C:\\Users\\Admin\\Dropbox\\Work\\09_Resources\\Git\\GitHub\\DNNLikelihood\\DNNLikelihood_dev\\tutorials\\toy\\toy\\likelihood\\toy_likelihood.h5",
            "C:\\Users\\Admin\\Dropbox\\Work\\09_Resources\\Git\\GitHub\\DNNLikelihood\\DNNLikelihood_dev\\tutorials\\toy\\toy\\likelihood\\toy_likelihood.log"
        ]
    },
    "2020-05-21-19-09-35.2278":{
        "action":"loaded",
        "files names":[
            "toy_likelihood.h5",
            "toy_likelihood.log"
        ],
        "files paths":[
            "C:\\Users\\Admin\\Dropbox\\Work\\09_Resources\\Git\\GitHub\\DNNLikelihood\\DNNLikelihood_dev\\tutorials\\toy\\toy\\likelihood\\toy_likelihood.h5",
            "C:\\Users\\Admin\\Dropbox\\Work\\09_Resources\\Git\\GitHub\\DNNLikelihood\\DNNLikelihood_dev\\tutorials\\toy\\toy\\likelihood\\toy_likelihood.log"
        ]
    },
    "2020-05-21-19-09-35.2467":{
        "action":"loaded",
        "files names":[
            "toy_likelihood.h5",
            "toy_likelihood.log"
        ],
        "files paths":[
            "C:\\Users\\Admin\\Dropbox\\Work\\09_Resources\\Git\\GitHub\\DNNLikelihood\\DNNLikelihood_dev\\tutorials\\toy\\toy\\likelihood\\toy_likelihood.h5",
            "C:\\Users\\Admin\\Dropbox\\Work\\09_Resources\\Git\\GitHub\\DNNLikelihood\\DNNLikelihood_dev\\tutorials\\toy\\toy\\likelihood\\toy_likelihood.log"
        ]
    },
    "2020-05-21-19-09-35.2677":{
        "action":"loaded",
        "files names":[
            "toy_likelihood.h5",
            "toy_likelihood.log"
        ],
        "files paths":[
            "C:\\Users\\Admin\\Dropbox\\Work\\09_Resources\\Git\\GitHub\\DNNLikelihood\\DNNLikelihood_dev\\tutorials\\toy\\toy\\likelihood\\toy_likelihood.h5",
            "C:\\Users\\Admin\\Dropbox\\Work\\09_Resources\\Git\\GitHub\\DNNLikelihood\\DNNLikelihood_dev\\tutorials\\toy\\toy\\likelihood\\toy_likelihood.log"
        ]
    },
    "2020-05-21-19-09-51.9280":{
        "action":"loaded",
        "files names":[
            "toy_likelihood.h5",
            "toy_likelihood.log"
        ],
        "files paths":[
            "C:\\Users\\Admin\\Dropbox\\Work\\09_Resources\\Git\\GitHub\\DNNLikelihood\\DNNLikelihood_dev\\tutorials\\toy\\toy\\likelihood\\toy_likelihood.h5",
            "C:\\Users\\Admin\\Dropbox\\Work\\09_Resources\\Git\\GitHub\\DNNLikelihood\\DNNLikelihood_dev\\tutorials\\toy\\toy\\likelihood\\toy_likelihood.log"
        ]
    },
    "2020-05-21-19-09-52.2006":{
        "action":"loaded",
        "files names":[
            "toy_likelihood.h5",
            "toy_likelihood.log"
        ],
        "files paths":[
            "C:\\Users\\Admin\\Dropbox\\Work\\09_Resources\\Git\\GitHub\\DNNLikelihood\\DNNLikelihood_dev\\tutorials\\toy\\toy\\likelihood\\toy_likelihood.h5",
            "C:\\Users\\Admin\\Dropbox\\Work\\09_Resources\\Git\\GitHub\\DNNLikelihood\\DNNLikelihood_dev\\tutorials\\toy\\toy\\likelihood\\toy_likelihood.log"
        ]
    },
    "2020-05-21-19-09-52.5420":{
        "action":"loaded",
        "files names":[
            "toy_likelihood.h5",
            "toy_likelihood.log"
        ],
        "files paths":[
            "C:\\Users\\Admin\\Dropbox\\Work\\09_Resources\\Git\\GitHub\\DNNLikelihood\\DNNLikelihood_dev\\tutorials\\toy\\toy\\likelihood\\toy_likelihood.h5",
            "C:\\Users\\Admin\\Dropbox\\Work\\09_Resources\\Git\\GitHub\\DNNLikelihood\\DNNLikelihood_dev\\tutorials\\toy\\toy\\likelihood\\toy_likelihood.log"
        ]
    },
    "2020-05-21-19-09-52.6708":{
        "action":"loaded",
        "files names":[
            "toy_likelihood.h5",
            "toy_likelihood.log"
        ],
        "files paths":[
            "C:\\Users\\Admin\\Dropbox\\Work\\09_Resources\\Git\\GitHub\\DNNLikelihood\\DNNLikelihood_dev\\tutorials\\toy\\toy\\likelihood\\toy_likelihood.h5",
            "C:\\Users\\Admin\\Dropbox\\Work\\09_Resources\\Git\\GitHub\\DNNLikelihood\\DNNLikelihood_dev\\tutorials\\toy\\toy\\likelihood\\toy_likelihood.log"
        ]
    },
    "2020-05-21-19-09-52.9314":{
        "action":"loaded",
        "files names":[
            "toy_likelihood.h5",
            "toy_likelihood.log"
        ],
        "files paths":[
            "C:\\Users\\Admin\\Dropbox\\Work\\09_Resources\\Git\\GitHub\\DNNLikelihood\\DNNLikelihood_dev\\tutorials\\toy\\toy\\likelihood\\toy_likelihood.h5",
            "C:\\Users\\Admin\\Dropbox\\Work\\09_Resources\\Git\\GitHub\\DNNLikelihood\\DNNLikelihood_dev\\tutorials\\toy\\toy\\likelihood\\toy_likelihood.log"
        ]
    },
    "2020-05-21-19-09-53.2699":{
        "action":"loaded",
        "files names":[
            "toy_likelihood.h5",
            "toy_likelihood.log"
        ],
        "files paths":[
            "C:\\Users\\Admin\\Dropbox\\Work\\09_Resources\\Git\\GitHub\\DNNLikelihood\\DNNLikelihood_dev\\tutorials\\toy\\toy\\likelihood\\toy_likelihood.h5",
            "C:\\Users\\Admin\\Dropbox\\Work\\09_Resources\\Git\\GitHub\\DNNLikelihood\\DNNLikelihood_dev\\tutorials\\toy\\toy\\likelihood\\toy_likelihood.log"
        ]
    },
    "2020-05-21-19-09-53.4775":{
        "action":"loaded",
        "files names":[
            "toy_likelihood.h5",
            "toy_likelihood.log"
        ],
        "files paths":[
            "C:\\Users\\Admin\\Dropbox\\Work\\09_Resources\\Git\\GitHub\\DNNLikelihood\\DNNLikelihood_dev\\tutorials\\toy\\toy\\likelihood\\toy_likelihood.h5",
            "C:\\Users\\Admin\\Dropbox\\Work\\09_Resources\\Git\\GitHub\\DNNLikelihood\\DNNLikelihood_dev\\tutorials\\toy\\toy\\likelihood\\toy_likelihood.log"
        ]
    },
    "2020-05-21-19-09-53.6353":{
        "action":"loaded",
        "files names":[
            "toy_likelihood.h5",
            "toy_likelihood.log"
        ],
        "files paths":[
            "C:\\Users\\Admin\\Dropbox\\Work\\09_Resources\\Git\\GitHub\\DNNLikelihood\\DNNLikelihood_dev\\tutorials\\toy\\toy\\likelihood\\toy_likelihood.h5",
            "C:\\Users\\Admin\\Dropbox\\Work\\09_Resources\\Git\\GitHub\\DNNLikelihood\\DNNLikelihood_dev\\tutorials\\toy\\toy\\likelihood\\toy_likelihood.log"
        ]
    },
    "2020-05-21-19-09-53.9238":{
        "action":"loaded",
        "files names":[
            "toy_likelihood.h5",
            "toy_likelihood.log"
        ],
        "files paths":[
            "C:\\Users\\Admin\\Dropbox\\Work\\09_Resources\\Git\\GitHub\\DNNLikelihood\\DNNLikelihood_dev\\tutorials\\toy\\toy\\likelihood\\toy_likelihood.h5",
            "C:\\Users\\Admin\\Dropbox\\Work\\09_Resources\\Git\\GitHub\\DNNLikelihood\\DNNLikelihood_dev\\tutorials\\toy\\toy\\likelihood\\toy_likelihood.log"
        ]
    },
    "2020-05-21-19-09-54.0836":{
        "action":"loaded",
        "files names":[
            "toy_likelihood.h5",
            "toy_likelihood.log"
        ],
        "files paths":[
            "C:\\Users\\Admin\\Dropbox\\Work\\09_Resources\\Git\\GitHub\\DNNLikelihood\\DNNLikelihood_dev\\tutorials\\toy\\toy\\likelihood\\toy_likelihood.h5",
            "C:\\Users\\Admin\\Dropbox\\Work\\09_Resources\\Git\\GitHub\\DNNLikelihood\\DNNLikelihood_dev\\tutorials\\toy\\toy\\likelihood\\toy_likelihood.log"
        ]
    },
    "2020-05-21-19-09-54.1604":{
        "action":"loaded",
        "files names":[
            "toy_likelihood.h5",
            "toy_likelihood.log"
        ],
        "files paths":[
            "C:\\Users\\Admin\\Dropbox\\Work\\09_Resources\\Git\\GitHub\\DNNLikelihood\\DNNLikelihood_dev\\tutorials\\toy\\toy\\likelihood\\toy_likelihood.h5",
            "C:\\Users\\Admin\\Dropbox\\Work\\09_Resources\\Git\\GitHub\\DNNLikelihood\\DNNLikelihood_dev\\tutorials\\toy\\toy\\likelihood\\toy_likelihood.log"
        ]
    },
    "2020-05-21-19-09-54.6217":{
        "action":"loaded",
        "files names":[
            "toy_likelihood.h5",
            "toy_likelihood.log"
        ],
        "files paths":[
            "C:\\Users\\Admin\\Dropbox\\Work\\09_Resources\\Git\\GitHub\\DNNLikelihood\\DNNLikelihood_dev\\tutorials\\toy\\toy\\likelihood\\toy_likelihood.h5",
            "C:\\Users\\Admin\\Dropbox\\Work\\09_Resources\\Git\\GitHub\\DNNLikelihood\\DNNLikelihood_dev\\tutorials\\toy\\toy\\likelihood\\toy_likelihood.log"
        ]
    },
    "2020-05-21-19-09-54.8653":{
        "action":"loaded",
        "files names":[
            "toy_likelihood.h5",
            "toy_likelihood.log"
        ],
        "files paths":[
            "C:\\Users\\Admin\\Dropbox\\Work\\09_Resources\\Git\\GitHub\\DNNLikelihood\\DNNLikelihood_dev\\tutorials\\toy\\toy\\likelihood\\toy_likelihood.h5",
            "C:\\Users\\Admin\\Dropbox\\Work\\09_Resources\\Git\\GitHub\\DNNLikelihood\\DNNLikelihood_dev\\tutorials\\toy\\toy\\likelihood\\toy_likelihood.log"
        ]
    },
    "2020-05-21-19-09-55.0580":{
        "action":"loaded",
        "files names":[
            "toy_likelihood.h5",
            "toy_likelihood.log"
        ],
        "files paths":[
            "C:\\Users\\Admin\\Dropbox\\Work\\09_Resources\\Git\\GitHub\\DNNLikelihood\\DNNLikelihood_dev\\tutorials\\toy\\toy\\likelihood\\toy_likelihood.h5",
            "C:\\Users\\Admin\\Dropbox\\Work\\09_Resources\\Git\\GitHub\\DNNLikelihood\\DNNLikelihood_dev\\tutorials\\toy\\toy\\likelihood\\toy_likelihood.log"
        ]
    },
    "2020-05-21-19-09-55.4464":{
        "action":"loaded",
        "files names":[
            "toy_likelihood.h5",
            "toy_likelihood.log"
        ],
        "files paths":[
            "C:\\Users\\Admin\\Dropbox\\Work\\09_Resources\\Git\\GitHub\\DNNLikelihood\\DNNLikelihood_dev\\tutorials\\toy\\toy\\likelihood\\toy_likelihood.h5",
            "C:\\Users\\Admin\\Dropbox\\Work\\09_Resources\\Git\\GitHub\\DNNLikelihood\\DNNLikelihood_dev\\tutorials\\toy\\toy\\likelihood\\toy_likelihood.log"
        ]
    },
    "2020-05-21-19-09-55.7569":{
        "action":"loaded",
        "files names":[
            "toy_likelihood.h5",
            "toy_likelihood.log"
        ],
        "files paths":[
            "C:\\Users\\Admin\\Dropbox\\Work\\09_Resources\\Git\\GitHub\\DNNLikelihood\\DNNLikelihood_dev\\tutorials\\toy\\toy\\likelihood\\toy_likelihood.h5",
            "C:\\Users\\Admin\\Dropbox\\Work\\09_Resources\\Git\\GitHub\\DNNLikelihood\\DNNLikelihood_dev\\tutorials\\toy\\toy\\likelihood\\toy_likelihood.log"
        ]
    },
    "2020-05-21-19-09-56.4807":{
        "action":"loaded",
        "files names":[
            "toy_likelihood.h5",
            "toy_likelihood.log"
        ],
        "files paths":[
            "C:\\Users\\Admin\\Dropbox\\Work\\09_Resources\\Git\\GitHub\\DNNLikelihood\\DNNLikelihood_dev\\tutorials\\toy\\toy\\likelihood\\toy_likelihood.h5",
            "C:\\Users\\Admin\\Dropbox\\Work\\09_Resources\\Git\\GitHub\\DNNLikelihood\\DNNLikelihood_dev\\tutorials\\toy\\toy\\likelihood\\toy_likelihood.log"
        ]
    },
    "2020-05-21-19-09-56.5306":{
        "action":"loaded",
        "files names":[
            "toy_likelihood.h5",
            "toy_likelihood.log"
        ],
        "files paths":[
            "C:\\Users\\Admin\\Dropbox\\Work\\09_Resources\\Git\\GitHub\\DNNLikelihood\\DNNLikelihood_dev\\tutorials\\toy\\toy\\likelihood\\toy_likelihood.h5",
            "C:\\Users\\Admin\\Dropbox\\Work\\09_Resources\\Git\\GitHub\\DNNLikelihood\\DNNLikelihood_dev\\tutorials\\toy\\toy\\likelihood\\toy_likelihood.log"
        ]
    },
    "2020-05-21-19-09-56.9010":{
        "action":"loaded",
        "files names":[
            "toy_likelihood.h5",
            "toy_likelihood.log"
        ],
        "files paths":[
            "C:\\Users\\Admin\\Dropbox\\Work\\09_Resources\\Git\\GitHub\\DNNLikelihood\\DNNLikelihood_dev\\tutorials\\toy\\toy\\likelihood\\toy_likelihood.h5",
            "C:\\Users\\Admin\\Dropbox\\Work\\09_Resources\\Git\\GitHub\\DNNLikelihood\\DNNLikelihood_dev\\tutorials\\toy\\toy\\likelihood\\toy_likelihood.log"
        ]
    },
    "2020-05-21-19-11-13.2885":{
        "action":"loaded",
        "files names":[
            "toy_likelihood.h5",
            "toy_likelihood.log"
        ],
        "files paths":[
            "C:\\Users\\Admin\\Dropbox\\Work\\09_Resources\\Git\\GitHub\\DNNLikelihood\\DNNLikelihood_dev\\tutorials\\toy\\toy\\likelihood\\toy_likelihood.h5",
            "C:\\Users\\Admin\\Dropbox\\Work\\09_Resources\\Git\\GitHub\\DNNLikelihood\\DNNLikelihood_dev\\tutorials\\toy\\toy\\likelihood\\toy_likelihood.log"
        ]
    },
    "2020-05-21-19-11-18.1328":{
        "action":"saved",
        "file name":"toy_likelihood_script.py",
        "file path":"C:\\Users\\Admin\\Dropbox\\Work\\09_Resources\\Git\\GitHub\\DNNLikelihood\\DNNLikelihood_dev\\tutorials\\toy\\toy\\likelihood\\toy_likelihood_script.py"
    },
    "2020-05-21-19-11-18.1677":{
        "action":"loaded",
        "files names":[
            "toy_likelihood.h5",
            "toy_likelihood.log"
        ],
        "files paths":[
            "C:\\Users\\Admin\\Dropbox\\Work\\09_Resources\\Git\\GitHub\\DNNLikelihood\\DNNLikelihood_dev\\tutorials\\toy\\toy\\likelihood\\toy_likelihood.h5",
            "C:\\Users\\Admin\\Dropbox\\Work\\09_Resources\\Git\\GitHub\\DNNLikelihood\\DNNLikelihood_dev\\tutorials\\toy\\toy\\likelihood\\toy_likelihood.log"
        ]
    },
    "2020-05-21-19-11-39.8886":{
        "action":"loaded",
        "files names":[
            "toy_likelihood.h5",
            "toy_likelihood.log"
        ],
        "files paths":[
            "C:\\Users\\Admin\\Dropbox\\Work\\09_Resources\\Git\\GitHub\\DNNLikelihood\\DNNLikelihood_dev\\tutorials\\toy\\toy\\likelihood\\toy_likelihood.h5",
            "C:\\Users\\Admin\\Dropbox\\Work\\09_Resources\\Git\\GitHub\\DNNLikelihood\\DNNLikelihood_dev\\tutorials\\toy\\toy\\likelihood\\toy_likelihood.log"
        ]
    },
    "2020-05-21-19-11-56.6656":{
        "action":"loaded",
        "files names":[
            "toy_likelihood.h5",
            "toy_likelihood.log"
        ],
        "files paths":[
            "C:\\Users\\Admin\\Dropbox\\Work\\09_Resources\\Git\\GitHub\\DNNLikelihood\\DNNLikelihood_dev\\tutorials\\toy\\toy\\likelihood\\toy_likelihood.h5",
            "C:\\Users\\Admin\\Dropbox\\Work\\09_Resources\\Git\\GitHub\\DNNLikelihood\\DNNLikelihood_dev\\tutorials\\toy\\toy\\likelihood\\toy_likelihood.log"
        ]
    },
    "2020-05-21-19-13-06.1799":{
        "action":"loaded",
        "files names":[
            "toy_likelihood.h5",
            "toy_likelihood.log"
        ],
        "files paths":[
            "C:\\Users\\Admin\\Dropbox\\Work\\09_Resources\\Git\\GitHub\\DNNLikelihood\\DNNLikelihood_dev\\tutorials\\toy\\toy\\likelihood\\toy_likelihood.h5",
            "C:\\Users\\Admin\\Dropbox\\Work\\09_Resources\\Git\\GitHub\\DNNLikelihood\\DNNLikelihood_dev\\tutorials\\toy\\toy\\likelihood\\toy_likelihood.log"
        ]
    },
    "2020-05-21-19-13-38.8916":{
        "action":"loaded",
        "files names":[
            "toy_likelihood.h5",
            "toy_likelihood.log"
        ],
        "files paths":[
            "C:\\Users\\Admin\\Dropbox\\Work\\09_Resources\\Git\\GitHub\\DNNLikelihood\\DNNLikelihood_dev\\tutorials\\toy\\toy\\likelihood\\toy_likelihood.h5",
            "C:\\Users\\Admin\\Dropbox\\Work\\09_Resources\\Git\\GitHub\\DNNLikelihood\\DNNLikelihood_dev\\tutorials\\toy\\toy\\likelihood\\toy_likelihood.log"
        ]
    },
    "2020-05-22-09-24-14.8141":{
        "action":"loaded",
        "files names":[
            "toy_likelihood.h5",
            "toy_likelihood.log"
        ],
        "files paths":[
            "C:\\Users\\Admin\\Dropbox\\Work\\09_Resources\\Git\\GitHub\\DNNLikelihood\\DNNLikelihood_dev\\tutorials\\toy\\toy\\likelihood\\toy_likelihood.h5",
            "C:\\Users\\Admin\\Dropbox\\Work\\09_Resources\\Git\\GitHub\\DNNLikelihood\\DNNLikelihood_dev\\tutorials\\toy\\toy\\likelihood\\toy_likelihood.log"
        ]
    },
    "2020-05-22-10-01-26.6581":{
        "action":"loaded",
        "files names":[
            "toy_likelihood.h5",
            "toy_likelihood.log"
        ],
        "files paths":[
            "C:\\Users\\Admin\\Dropbox\\Work\\09_Resources\\Git\\GitHub\\DNNLikelihood\\DNNLikelihood_dev\\tutorials\\toy\\toy\\likelihood\\toy_likelihood.h5",
            "C:\\Users\\Admin\\Dropbox\\Work\\09_Resources\\Git\\GitHub\\DNNLikelihood\\DNNLikelihood_dev\\tutorials\\toy\\toy\\likelihood\\toy_likelihood.log"
        ]
    },
    "2020-05-22-10-01-30.6372":{
        "action":"saved",
        "file name":"toy_likelihood_script.py",
        "file path":"C:\\Users\\Admin\\Dropbox\\Work\\09_Resources\\Git\\GitHub\\DNNLikelihood\\DNNLikelihood_dev\\tutorials\\toy\\toy\\likelihood\\toy_likelihood_script.py"
    },
    "2020-05-22-10-01-30.6691":{
        "action":"loaded",
        "files names":[
            "toy_likelihood.h5",
            "toy_likelihood.log"
        ],
        "files paths":[
            "C:\\Users\\Admin\\Dropbox\\Work\\09_Resources\\Git\\GitHub\\DNNLikelihood\\DNNLikelihood_dev\\tutorials\\toy\\toy\\likelihood\\toy_likelihood.h5",
            "C:\\Users\\Admin\\Dropbox\\Work\\09_Resources\\Git\\GitHub\\DNNLikelihood\\DNNLikelihood_dev\\tutorials\\toy\\toy\\likelihood\\toy_likelihood.log"
        ]
    },
    "2020-05-22-10-01-47.6518":{
        "action":"loaded",
        "files names":[
            "toy_likelihood.h5",
            "toy_likelihood.log"
        ],
        "files paths":[
            "C:\\Users\\Admin\\Dropbox\\Work\\09_Resources\\Git\\GitHub\\DNNLikelihood\\DNNLikelihood_dev\\tutorials\\toy\\toy\\likelihood\\toy_likelihood.h5",
            "C:\\Users\\Admin\\Dropbox\\Work\\09_Resources\\Git\\GitHub\\DNNLikelihood\\DNNLikelihood_dev\\tutorials\\toy\\toy\\likelihood\\toy_likelihood.log"
        ]
    },
    "2020-05-22-10-02-08.4763":{
        "action":"loaded",
        "files names":[
            "toy_likelihood.h5",
            "toy_likelihood.log"
        ],
        "files paths":[
            "C:\\Users\\Admin\\Dropbox\\Work\\09_Resources\\Git\\GitHub\\DNNLikelihood\\DNNLikelihood_dev\\tutorials\\toy\\toy\\likelihood\\toy_likelihood.h5",
            "C:\\Users\\Admin\\Dropbox\\Work\\09_Resources\\Git\\GitHub\\DNNLikelihood\\DNNLikelihood_dev\\tutorials\\toy\\toy\\likelihood\\toy_likelihood.log"
        ]
    },
    "2020-05-22-10-02-11.6453":{
        "action":"loaded",
        "files names":[
            "toy_likelihood.h5",
            "toy_likelihood.log"
        ],
        "files paths":[
            "C:\\Users\\Admin\\Dropbox\\Work\\09_Resources\\Git\\GitHub\\DNNLikelihood\\DNNLikelihood_dev\\tutorials\\toy\\toy\\likelihood\\toy_likelihood.h5",
            "C:\\Users\\Admin\\Dropbox\\Work\\09_Resources\\Git\\GitHub\\DNNLikelihood\\DNNLikelihood_dev\\tutorials\\toy\\toy\\likelihood\\toy_likelihood.log"
        ]
    },
    "2020-05-22-10-11-15.1278":{
        "action":"loaded",
        "files names":[
            "toy_likelihood.h5",
            "toy_likelihood.log"
        ],
        "files paths":[
            "C:\\Users\\Admin\\Dropbox\\Work\\09_Resources\\Git\\GitHub\\DNNLikelihood\\DNNLikelihood_dev\\tutorials\\toy\\toy\\likelihood\\toy_likelihood.h5",
            "C:\\Users\\Admin\\Dropbox\\Work\\09_Resources\\Git\\GitHub\\DNNLikelihood\\DNNLikelihood_dev\\tutorials\\toy\\toy\\likelihood\\toy_likelihood.log"
        ]
    },
    "2020-05-22-10-11-19.3980":{
        "action":"saved",
        "file name":"toy_likelihood_script.py",
        "file path":"C:\\Users\\Admin\\Dropbox\\Work\\09_Resources\\Git\\GitHub\\DNNLikelihood\\DNNLikelihood_dev\\tutorials\\toy\\toy\\likelihood\\toy_likelihood_script.py"
    },
    "2020-05-22-10-11-19.4220":{
        "action":"loaded",
        "files names":[
            "toy_likelihood.h5",
            "toy_likelihood.log"
        ],
        "files paths":[
            "C:\\Users\\Admin\\Dropbox\\Work\\09_Resources\\Git\\GitHub\\DNNLikelihood\\DNNLikelihood_dev\\tutorials\\toy\\toy\\likelihood\\toy_likelihood.h5",
            "C:\\Users\\Admin\\Dropbox\\Work\\09_Resources\\Git\\GitHub\\DNNLikelihood\\DNNLikelihood_dev\\tutorials\\toy\\toy\\likelihood\\toy_likelihood.log"
        ]
    },
    "2020-05-22-10-11-34.6496":{
        "action":"loaded",
        "files names":[
            "toy_likelihood.h5",
            "toy_likelihood.log"
        ],
        "files paths":[
            "C:\\Users\\Admin\\Dropbox\\Work\\09_Resources\\Git\\GitHub\\DNNLikelihood\\DNNLikelihood_dev\\tutorials\\toy\\toy\\likelihood\\toy_likelihood.h5",
            "C:\\Users\\Admin\\Dropbox\\Work\\09_Resources\\Git\\GitHub\\DNNLikelihood\\DNNLikelihood_dev\\tutorials\\toy\\toy\\likelihood\\toy_likelihood.log"
        ]
    },
    "2020-05-22-10-11-56.3109":{
        "action":"loaded",
        "files names":[
            "toy_likelihood.h5",
            "toy_likelihood.log"
        ],
        "files paths":[
            "C:\\Users\\Admin\\Dropbox\\Work\\09_Resources\\Git\\GitHub\\DNNLikelihood\\DNNLikelihood_dev\\tutorials\\toy\\toy\\likelihood\\toy_likelihood.h5",
            "C:\\Users\\Admin\\Dropbox\\Work\\09_Resources\\Git\\GitHub\\DNNLikelihood\\DNNLikelihood_dev\\tutorials\\toy\\toy\\likelihood\\toy_likelihood.log"
        ]
    },
    "2020-05-22-10-18-39.4829":{
        "action":"loaded",
        "files names":[
            "toy_likelihood.h5",
            "toy_likelihood.log"
        ],
        "files paths":[
            "C:\\Users\\Admin\\Dropbox\\Work\\09_Resources\\Git\\GitHub\\DNNLikelihood\\DNNLikelihood_dev\\tutorials\\toy\\toy\\likelihood\\toy_likelihood.h5",
            "C:\\Users\\Admin\\Dropbox\\Work\\09_Resources\\Git\\GitHub\\DNNLikelihood\\DNNLikelihood_dev\\tutorials\\toy\\toy\\likelihood\\toy_likelihood.log"
        ]
    },
    "2020-05-22-10-19-25.0055":{
        "action":"loaded",
        "files names":[
            "toy_likelihood.h5",
            "toy_likelihood.log"
        ],
        "files paths":[
            "C:\\Users\\Admin\\Dropbox\\Work\\09_Resources\\Git\\GitHub\\DNNLikelihood\\DNNLikelihood_dev\\tutorials\\toy\\toy\\likelihood\\toy_likelihood.h5",
            "C:\\Users\\Admin\\Dropbox\\Work\\09_Resources\\Git\\GitHub\\DNNLikelihood\\DNNLikelihood_dev\\tutorials\\toy\\toy\\likelihood\\toy_likelihood.log"
        ]
    },
    "2020-05-22-10-19-28.0388":{
        "action":"loaded",
        "files names":[
            "toy_likelihood.h5",
            "toy_likelihood.log"
        ],
        "files paths":[
            "C:\\Users\\Admin\\Dropbox\\Work\\09_Resources\\Git\\GitHub\\DNNLikelihood\\DNNLikelihood_dev\\tutorials\\toy\\toy\\likelihood\\toy_likelihood.h5",
            "C:\\Users\\Admin\\Dropbox\\Work\\09_Resources\\Git\\GitHub\\DNNLikelihood\\DNNLikelihood_dev\\tutorials\\toy\\toy\\likelihood\\toy_likelihood.log"
        ]
    },
    "2020-05-22-10-22-07.6767":{
        "action":"loaded",
        "files names":[
            "toy_likelihood.h5",
            "toy_likelihood.log"
        ],
        "files paths":[
            "C:\\Users\\Admin\\Dropbox\\Work\\09_Resources\\Git\\GitHub\\DNNLikelihood\\DNNLikelihood_dev\\tutorials\\toy\\toy\\likelihood\\toy_likelihood.h5",
            "C:\\Users\\Admin\\Dropbox\\Work\\09_Resources\\Git\\GitHub\\DNNLikelihood\\DNNLikelihood_dev\\tutorials\\toy\\toy\\likelihood\\toy_likelihood.log"
        ]
    },
    "2020-05-22-10-22-48.7655":{
        "action":"loaded",
        "files names":[
            "toy_likelihood.h5",
            "toy_likelihood.log"
        ],
        "files paths":[
            "C:\\Users\\Admin\\Dropbox\\Work\\09_Resources\\Git\\GitHub\\DNNLikelihood\\DNNLikelihood_dev\\tutorials\\toy\\toy\\likelihood\\toy_likelihood.h5",
            "C:\\Users\\Admin\\Dropbox\\Work\\09_Resources\\Git\\GitHub\\DNNLikelihood\\DNNLikelihood_dev\\tutorials\\toy\\toy\\likelihood\\toy_likelihood.log"
        ]
    },
    "2020-05-22-10-23-13.3431":{
        "action":"loaded",
        "files names":[
            "toy_likelihood.h5",
            "toy_likelihood.log"
        ],
        "files paths":[
            "C:\\Users\\Admin\\Dropbox\\Work\\09_Resources\\Git\\GitHub\\DNNLikelihood\\DNNLikelihood_dev\\tutorials\\toy\\toy\\likelihood\\toy_likelihood.h5",
            "C:\\Users\\Admin\\Dropbox\\Work\\09_Resources\\Git\\GitHub\\DNNLikelihood\\DNNLikelihood_dev\\tutorials\\toy\\toy\\likelihood\\toy_likelihood.log"
        ]
    },
    "2020-05-22-12-06-36.9937":{
        "action":"loaded",
        "files names":[
            "toy_likelihood.h5",
            "toy_likelihood.log"
        ],
        "files paths":[
            "C:\\Users\\Admin\\Dropbox\\Work\\09_Resources\\Git\\GitHub\\DNNLikelihood\\DNNLikelihood_dev\\tutorials\\toy\\toy\\likelihood\\toy_likelihood.h5",
            "C:\\Users\\Admin\\Dropbox\\Work\\09_Resources\\Git\\GitHub\\DNNLikelihood\\DNNLikelihood_dev\\tutorials\\toy\\toy\\likelihood\\toy_likelihood.log"
        ]
    },
    "2020-05-22-12-07-20.5415":{
        "action":"loaded",
        "files names":[
            "toy_likelihood.h5",
            "toy_likelihood.log"
        ],
        "files paths":[
            "C:\\Users\\Admin\\Dropbox\\Work\\09_Resources\\Git\\GitHub\\DNNLikelihood\\DNNLikelihood_dev\\tutorials\\toy\\toy\\likelihood\\toy_likelihood.h5",
            "C:\\Users\\Admin\\Dropbox\\Work\\09_Resources\\Git\\GitHub\\DNNLikelihood\\DNNLikelihood_dev\\tutorials\\toy\\toy\\likelihood\\toy_likelihood.log"
        ]
    },
    "2020-05-22-12-07-45.2721":{
        "action":"loaded",
        "files names":[
            "toy_likelihood.h5",
            "toy_likelihood.log"
        ],
        "files paths":[
            "C:\\Users\\Admin\\Dropbox\\Work\\09_Resources\\Git\\GitHub\\DNNLikelihood\\DNNLikelihood_dev\\tutorials\\toy\\toy\\likelihood\\toy_likelihood.h5",
            "C:\\Users\\Admin\\Dropbox\\Work\\09_Resources\\Git\\GitHub\\DNNLikelihood\\DNNLikelihood_dev\\tutorials\\toy\\toy\\likelihood\\toy_likelihood.log"
        ]
    },
    "2020-05-22-12-57-57.6571":{
        "action":"loaded",
        "files names":[
            "toy_likelihood.h5",
            "toy_likelihood.log"
        ],
        "files paths":[
            "C:\\Users\\Admin\\Dropbox\\Work\\09_Resources\\Git\\GitHub\\DNNLikelihood\\DNNLikelihood_dev\\tutorials\\toy\\toy\\likelihood\\toy_likelihood.h5",
            "C:\\Users\\Admin\\Dropbox\\Work\\09_Resources\\Git\\GitHub\\DNNLikelihood\\DNNLikelihood_dev\\tutorials\\toy\\toy\\likelihood\\toy_likelihood.log"
        ]
    },
    "2020-05-22-13-05-59.1183":{
        "action":"loaded",
        "files names":[
            "toy_likelihood.h5",
            "toy_likelihood.log"
        ],
        "files paths":[
            "C:\\Users\\Admin\\Dropbox\\Work\\09_Resources\\Git\\GitHub\\DNNLikelihood\\DNNLikelihood_dev\\tutorials\\toy\\toy\\likelihood\\toy_likelihood.h5",
            "C:\\Users\\Admin\\Dropbox\\Work\\09_Resources\\Git\\GitHub\\DNNLikelihood\\DNNLikelihood_dev\\tutorials\\toy\\toy\\likelihood\\toy_likelihood.log"
        ]
    },
    "2020-05-22-13-23-47.3719":{
        "action":"loaded",
        "files names":[
            "toy_likelihood.h5",
            "toy_likelihood.log"
        ],
        "files paths":[
            "C:\\Users\\Admin\\Dropbox\\Work\\09_Resources\\Git\\GitHub\\DNNLikelihood\\DNNLikelihood_dev\\tutorials\\toy\\toy\\likelihood\\toy_likelihood.h5",
            "C:\\Users\\Admin\\Dropbox\\Work\\09_Resources\\Git\\GitHub\\DNNLikelihood\\DNNLikelihood_dev\\tutorials\\toy\\toy\\likelihood\\toy_likelihood.log"
        ]
    },
    "2020-05-22-13-35-25.5218":{
        "action":"loaded",
        "files names":[
            "toy_likelihood.h5",
            "toy_likelihood.log"
        ],
        "files paths":[
            "C:\\Users\\Admin\\Dropbox\\Work\\09_Resources\\Git\\GitHub\\DNNLikelihood\\DNNLikelihood_dev\\tutorials\\toy\\toy\\likelihood\\toy_likelihood.h5",
            "C:\\Users\\Admin\\Dropbox\\Work\\09_Resources\\Git\\GitHub\\DNNLikelihood\\DNNLikelihood_dev\\tutorials\\toy\\toy\\likelihood\\toy_likelihood.log"
        ]
    },
    "2020-05-22-13-48-10.6651":{
        "action":"loaded",
        "files names":[
            "toy_likelihood.h5",
            "toy_likelihood.log"
        ],
        "files paths":[
            "C:\\Users\\Admin\\Dropbox\\Work\\09_Resources\\Git\\GitHub\\DNNLikelihood\\DNNLikelihood_dev\\tutorials\\toy\\toy\\likelihood\\toy_likelihood.h5",
            "C:\\Users\\Admin\\Dropbox\\Work\\09_Resources\\Git\\GitHub\\DNNLikelihood\\DNNLikelihood_dev\\tutorials\\toy\\toy\\likelihood\\toy_likelihood.log"
        ]
    }
}