{
    "2020-05-21-18-09-42.1373":{
        "action":"created"
    },
    "2020-05-21-18-09-42.4478":{
        "action":"saved",
        "file name":"ATLAS_sbottom_search_0_region_A_patch_sbottom_1000_131_1_likelihood.h5",
        "file path":"C:\\Users\\Admin\\Dropbox\\Work\\09_Resources\\Git\\GitHub\\DNNLikelihood\\DNNLikelihood_dev\\tutorials\\toy\\ATLAS_sbottom_search\\likelihood_0\\ATLAS_sbottom_search_0_region_A_patch_sbottom_1000_131_1_likelihood.h5"
    },
    "2020-05-21-18-10-12.4848":{
        "action":"saved figure",
        "file name":"ATLAS_sbottom_search_0_region_A_patch_sbottom_1000_131_1_likelihood_figure_par_0.pdf",
        "file path":"C:\\Users\\Admin\\Dropbox\\Work\\09_Resources\\Git\\GitHub\\DNNLikelihood\\DNNLikelihood_dev\\tutorials\\toy\\ATLAS_sbottom_search\\likelihood_0\\figures\\ATLAS_sbottom_search_0_region_A_patch_sbottom_1000_131_1_likelihood_figure_par_0.pdf"
    },
    "2020-05-21-18-10-13.2166":{
        "action":"saved figure",
        "file name":"ATLAS_sbottom_search_0_region_A_patch_sbottom_1000_131_1_likelihood_figure_par_5.pdf",
        "file path":"C:\\Users\\Admin\\Dropbox\\Work\\09_Resources\\Git\\GitHub\\DNNLikelihood\\DNNLikelihood_dev\\tutorials\\toy\\ATLAS_sbottom_search\\likelihood_0\\figures\\ATLAS_sbottom_search_0_region_A_patch_sbottom_1000_131_1_likelihood_figure_par_5.pdf"
    },
    "2020-05-21-18-10-16.0880":{
        "action":"computed maximum logpdf"
    },
    "2020-05-21-18-16-39.9949":{
        "action":"computed profiled maxima",
        "pars":[
            5
        ],
        "pars_ranges":[
            [
                0,
                5,
                130
            ]
        ],
        "number of maxima":130
    },
    "2020-05-21-18-17-10.6654":{
        "action":"saved",
        "file name":"ATLAS_sbottom_search_0_region_A_patch_sbottom_1000_131_1_likelihood.h5",
        "file path":"C:\\Users\\Admin\\Dropbox\\Work\\09_Resources\\Git\\GitHub\\DNNLikelihood\\DNNLikelihood_dev\\tutorials\\toy\\ATLAS_sbottom_search\\likelihood_0\\ATLAS_sbottom_search_0_region_A_patch_sbottom_1000_131_1_likelihood.h5"
    },
    "2020-05-21-18-17-36.6550":{
        "action":"loaded",
        "files names":[
            "ATLAS_sbottom_search_0_region_A_patch_sbottom_1000_131_1_likelihood.h5",
            "ATLAS_sbottom_search_0_region_A_patch_sbottom_1000_131_1_likelihood.log"
        ],
        "files paths":[
            "C:\\Users\\Admin\\Dropbox\\Work\\09_Resources\\Git\\GitHub\\DNNLikelihood\\DNNLikelihood_dev\\tutorials\\toy\\ATLAS_sbottom_search\\likelihood_0\\ATLAS_sbottom_search_0_region_A_patch_sbottom_1000_131_1_likelihood.h5",
            "C:\\Users\\Admin\\Dropbox\\Work\\09_Resources\\Git\\GitHub\\DNNLikelihood\\DNNLikelihood_dev\\tutorials\\toy\\ATLAS_sbottom_search\\likelihood_0\\ATLAS_sbottom_search_0_region_A_patch_sbottom_1000_131_1_likelihood.log"
        ]
    },
    "2020-05-21-18-18-19.0510":{
        "action":"saved",
        "file name":"ATLAS_sbottom_search_0_region_A_patch_sbottom_1000_131_1_likelihood_script.py",
        "file path":"C:\\Users\\Admin\\Dropbox\\Work\\09_Resources\\Git\\GitHub\\DNNLikelihood\\DNNLikelihood_dev\\tutorials\\toy\\ATLAS_sbottom_search\\likelihood_0\\ATLAS_sbottom_search_0_region_A_patch_sbottom_1000_131_1_likelihood_script.py"
    },
    "2020-05-21-18-18-19.0929":{
        "action":"loaded",
        "files names":[
            "ATLAS_sbottom_search_0_region_A_patch_sbottom_1000_131_1_likelihood.h5",
            "ATLAS_sbottom_search_0_region_A_patch_sbottom_1000_131_1_likelihood.log"
        ],
        "files paths":[
            "C:\\Users\\Admin\\Dropbox\\Work\\09_Resources\\Git\\GitHub\\DNNLikelihood\\DNNLikelihood_dev\\tutorials\\toy\\ATLAS_sbottom_search\\likelihood_0\\ATLAS_sbottom_search_0_region_A_patch_sbottom_1000_131_1_likelihood.h5",
            "C:\\Users\\Admin\\Dropbox\\Work\\09_Resources\\Git\\GitHub\\DNNLikelihood\\DNNLikelihood_dev\\tutorials\\toy\\ATLAS_sbottom_search\\likelihood_0\\ATLAS_sbottom_search_0_region_A_patch_sbottom_1000_131_1_likelihood.log"
        ]
    },
    "2020-05-21-18-18-40.5269":{
        "action":"loaded",
        "files names":[
            "ATLAS_sbottom_search_0_region_A_patch_sbottom_1000_131_1_likelihood.h5",
            "ATLAS_sbottom_search_0_region_A_patch_sbottom_1000_131_1_likelihood.log"
        ],
        "files paths":[
            "C:\\Users\\Admin\\Dropbox\\Work\\09_Resources\\Git\\GitHub\\DNNLikelihood\\DNNLikelihood_dev\\tutorials\\toy\\ATLAS_sbottom_search\\likelihood_0\\ATLAS_sbottom_search_0_region_A_patch_sbottom_1000_131_1_likelihood.h5",
            "C:\\Users\\Admin\\Dropbox\\Work\\09_Resources\\Git\\GitHub\\DNNLikelihood\\DNNLikelihood_dev\\tutorials\\toy\\ATLAS_sbottom_search\\likelihood_0\\ATLAS_sbottom_search_0_region_A_patch_sbottom_1000_131_1_likelihood.log"
        ]
    },
    "2020-05-21-18-18-56.7455":{
        "action":"loaded",
        "files names":[
            "ATLAS_sbottom_search_0_region_A_patch_sbottom_1000_131_1_likelihood.h5",
            "ATLAS_sbottom_search_0_region_A_patch_sbottom_1000_131_1_likelihood.log"
        ],
        "files paths":[
            "C:\\Users\\Admin\\Dropbox\\Work\\09_Resources\\Git\\GitHub\\DNNLikelihood\\DNNLikelihood_dev\\tutorials\\toy\\ATLAS_sbottom_search\\likelihood_0\\ATLAS_sbottom_search_0_region_A_patch_sbottom_1000_131_1_likelihood.h5",
            "C:\\Users\\Admin\\Dropbox\\Work\\09_Resources\\Git\\GitHub\\DNNLikelihood\\DNNLikelihood_dev\\tutorials\\toy\\ATLAS_sbottom_search\\likelihood_0\\ATLAS_sbottom_search_0_region_A_patch_sbottom_1000_131_1_likelihood.log"
        ]
    },
    "2020-05-21-18-18-58.8472":{
        "action":"loaded",
        "files names":[
            "ATLAS_sbottom_search_0_region_A_patch_sbottom_1000_131_1_likelihood.h5",
            "ATLAS_sbottom_search_0_region_A_patch_sbottom_1000_131_1_likelihood.log"
        ],
        "files paths":[
            "C:\\Users\\Admin\\Dropbox\\Work\\09_Resources\\Git\\GitHub\\DNNLikelihood\\DNNLikelihood_dev\\tutorials\\toy\\ATLAS_sbottom_search\\likelihood_0\\ATLAS_sbottom_search_0_region_A_patch_sbottom_1000_131_1_likelihood.h5",
            "C:\\Users\\Admin\\Dropbox\\Work\\09_Resources\\Git\\GitHub\\DNNLikelihood\\DNNLikelihood_dev\\tutorials\\toy\\ATLAS_sbottom_search\\likelihood_0\\ATLAS_sbottom_search_0_region_A_patch_sbottom_1000_131_1_likelihood.log"
        ]
    }
}