{
    "2020-04-27-14-52-47.5161":{
        "action":"created"
    },
    "2020-04-27-14-52-47.5221":{
        "action":"saved",
        "file name":"new_data.json",
        "file path":"C:\\Users\\Admin\\Dropbox\\Work\\09_Resources\\Git\\GitHub\\DNNLikelihood\\DNNLikelihood_dev\\tutorials\\toy\\outfiles\\new_data.json"
    },
    "2020-04-27-14-52-47.5241":{
        "action":"saved",
        "file name":"new_data.h5",
        "file path":"C:\\Users\\Admin\\Dropbox\\Work\\09_Resources\\Git\\GitHub\\DNNLikelihood\\DNNLikelihood_dev\\tutorials\\toy\\outfiles\\new_data.h5"
    },
    "2020-04-27-14-52-52.1173":{
        "action":"saved",
        "file name":"new_data.json",
        "file path":"C:\\Users\\Admin\\Dropbox\\Work\\09_Resources\\Git\\GitHub\\DNNLikelihood\\DNNLikelihood_dev\\tutorials\\toy\\outfiles\\new_data.json"
    },
    "2020-04-27-14-53-06.2107":{
        "action":"loaded",
        "files names":[
            "new_data.json",
            "new_data.log",
            "new_data.h5"
        ],
        "files paths":[
            "C:\\Users\\Admin\\Dropbox\\Work\\09_Resources\\Git\\GitHub\\DNNLikelihood\\DNNLikelihood_dev\\tutorials\\toy\\outfiles\\new_data.json",
            "C:\\Users\\Admin\\Dropbox\\Work\\09_Resources\\Git\\GitHub\\DNNLikelihood\\DNNLikelihood_dev\\tutorials\\toy\\outfiles\\new_data.log",
            "C:\\Users\\Admin\\Dropbox\\Work\\09_Resources\\Git\\GitHub\\DNNLikelihood\\DNNLikelihood_dev\\tutorials\\toy\\outfiles\\new_data.h5"
        ]
    },
    "2020-04-27-14-53-06.2117":{
        "action":"saved",
        "file name":"new_data.json",
        "file path":"C:\\Users\\Admin\\Dropbox\\Work\\09_Resources\\Git\\GitHub\\DNNLikelihood\\DNNLikelihood_dev\\tutorials\\toy\\outfiles\\new_data.json"
    },
    "2020-04-27-14-55-30.6294":{
        "action":"saved",
        "file name":"new_data.json",
        "file path":"C:\\Users\\Admin\\Dropbox\\Work\\09_Resources\\Git\\GitHub\\DNNLikelihood\\DNNLikelihood_dev\\tutorials\\toy\\outfiles\\new_data.json"
    },
    "2020-04-27-14-55-35.6274":{
        "action":"updated data dictionary",
        "data":[
            "idx_train",
            "idx_val"
        ],
        "npoints train":10000,
        "npoints val":5000
    },
    "2020-04-27-14-55-35.6464":{
        "action":"updated data dictionary",
        "data":[
            "idx_test"
        ],
        "npoints test":5000
    },
    "2020-04-27-15-24-02.5463":{
        "action":"defines scalers",
        "scaler X":true,
        "scaler Y":true
    },
    "2020-04-27-15-40-04.3636":{
        "action":"saved",
        "file name":"new_data.json",
        "file path":"C:\\Users\\Admin\\Dropbox\\Work\\09_Resources\\Git\\GitHub\\DNNLikelihood\\DNNLikelihood_dev\\tutorials\\toy\\outfiles\\new_data.json"
    },
    "2020-04-27-15-40-44.8078":{
        "action":"saved",
        "file name":"new_data.json",
        "file path":"C:\\Users\\Admin\\Dropbox\\Work\\09_Resources\\Git\\GitHub\\DNNLikelihood\\DNNLikelihood_dev\\tutorials\\toy\\outfiles\\new_data.json"
    },
    "2020-04-27-15-40-51.8006":{
        "action":"computed sample weights"
    },
    "2020-04-27-15-41-21.4308":{
        "action":"updated data dictionary",
        "data":[
            "idx_train",
            "idx_val"
        ],
        "npoints train":10000,
        "npoints val":5000
    },
    "2020-04-27-15-41-21.4507":{
        "action":"updated data dictionary",
        "data":[
            "idx_test"
        ],
        "npoints test":5000
    },
    "2020-04-27-15-41-26.8631":{
        "action":"computed sample weights"
    }
}