{
    "2020-04-24-11-39-40.4771":{
        "action":"created"
    },
    "2020-04-24-11-39-42.5169":{
        "action":"init sampler",
        "available steps":0
    },
    "2020-04-24-11-39-42.4929":{
        "action":"created backend",
        "file name":"toy_sampler_backend.h5",
        "file path":"C:\\Users\\Admin\\Dropbox\\Work\\09_Resources\\Git\\GitHub\\DNNLikelihood\\DNNLikelihood_dev\\tutorials\\toy\\outfiles\\toy_sampler_backend.h5"
    },
    "2020-04-24-11-39-42.5259":{
        "action":"saved",
        "file name":"toy_sampler.json",
        "file path":"C:\\Users\\Admin\\Dropbox\\Work\\09_Resources\\Git\\GitHub\\DNNLikelihood\\DNNLikelihood_dev\\tutorials\\toy\\outfiles\\toy_sampler.json"
    },
    "2020-04-24-11-40-41.3396":{
        "action":"run sampler",
        "nsteps":3000,
        "available steps":3000,
        "updated file name":"toy_sampler_backend.h5",
        "updated file path":"C:\\Users\\Admin\\Dropbox\\Work\\09_Resources\\Git\\GitHub\\DNNLikelihood\\DNNLikelihood_dev\\tutorials\\toy\\outfiles\\toy_sampler_backend.h5"
    },
    "2020-04-24-11-41-36.6053":{
        "action":"loaded",
        "files names":[
            "toy_sampler.json",
            "toy_sampler.log"
        ],
        "files paths":[
            "C:\\Users\\Admin\\Dropbox\\Work\\09_Resources\\Git\\GitHub\\DNNLikelihood\\DNNLikelihood_dev\\tutorials\\toy\\outfiles\\toy_sampler.json",
            "C:\\Users\\Admin\\Dropbox\\Work\\09_Resources\\Git\\GitHub\\DNNLikelihood\\DNNLikelihood_dev\\tutorials\\toy\\outfiles\\toy_sampler.log"
        ]
    },
    "2020-04-24-11-41-38.6461":{
        "action":"init sampler",
        "available steps":3000
    },
    "2020-04-24-11-41-38.6221":{
        "action":"loaded backend",
        "file name":"toy_sampler_backend.h5",
        "file path":"C:\\Users\\Admin\\Dropbox\\Work\\09_Resources\\Git\\GitHub\\DNNLikelihood\\DNNLikelihood_dev\\tutorials\\toy\\outfiles\\toy_sampler_backend.h5"
    },
    "2020-04-24-11-41-38.6530":{
        "action":"saved",
        "file name":"toy_sampler.json",
        "file path":"C:\\Users\\Admin\\Dropbox\\Work\\09_Resources\\Git\\GitHub\\DNNLikelihood\\DNNLikelihood_dev\\tutorials\\toy\\outfiles\\toy_sampler.json"
    },
    "2020-04-24-11-42-35.0682":{
        "action":"run sampler",
        "nsteps":1000,
        "available steps":4000,
        "updated file name":"toy_sampler_backend.h5",
        "updated file path":"C:\\Users\\Admin\\Dropbox\\Work\\09_Resources\\Git\\GitHub\\DNNLikelihood\\DNNLikelihood_dev\\tutorials\\toy\\outfiles\\toy_sampler_backend.h5"
    },
    "2020-04-24-11-43-12.6654":{
        "action":"loaded",
        "files names":[
            "toy_sampler.json",
            "toy_sampler.log"
        ],
        "files paths":[
            "C:\\Users\\Admin\\Dropbox\\Work\\09_Resources\\Git\\GitHub\\DNNLikelihood\\DNNLikelihood_dev\\tutorials\\toy\\outfiles\\toy_sampler.json",
            "C:\\Users\\Admin\\Dropbox\\Work\\09_Resources\\Git\\GitHub\\DNNLikelihood\\DNNLikelihood_dev\\tutorials\\toy\\outfiles\\toy_sampler.log"
        ]
    },
    "2020-04-24-11-43-14.7012":{
        "action":"init sampler",
        "available steps":4000
    },
    "2020-04-24-11-43-14.6812":{
        "action":"loaded backend",
        "file name":"toy_sampler_backend.h5",
        "file path":"C:\\Users\\Admin\\Dropbox\\Work\\09_Resources\\Git\\GitHub\\DNNLikelihood\\DNNLikelihood_dev\\tutorials\\toy\\outfiles\\toy_sampler_backend.h5"
    },
    "2020-04-24-11-43-14.7081":{
        "action":"saved",
        "file name":"toy_sampler.json",
        "file path":"C:\\Users\\Admin\\Dropbox\\Work\\09_Resources\\Git\\GitHub\\DNNLikelihood\\DNNLikelihood_dev\\tutorials\\toy\\outfiles\\toy_sampler.json"
    },
    "2020-04-24-11-43-17.9889":{
        "action":"computed Gelman-Rubin",
        "pars":[
            0,
            5
        ],
        "nsteps":[
            500,
            1000,
            5000,
            10000,
            50000
        ]
    },
    "2020-04-24-11-43-19.7570":{
        "action":"computed Gelman-Rubin",
        "pars":[
            0
        ],
        "nsteps":[
            4,
            7,
            10,
            40,
            70,
            100,
            400,
            700,
            1000,
            4000
        ]
    },
    "2020-04-24-11-43-29.9128":{
        "action":"saved figure",
        "file name":"toy_sampler_figure_GR_Rc_0.pdf",
        "file path":"C:\\Users\\Admin\\Dropbox\\Work\\09_Resources\\Git\\GitHub\\DNNLikelihood\\DNNLikelihood_dev\\tutorials\\toy\\outfiles\\toy_sampler_figure_GR_Rc_0.pdf"
    },
    "2020-04-24-11-43-32.0873":{
        "action":"saved figure",
        "file name":"toy_sampler_figure_GR_sqrtVhat_0.pdf",
        "file path":"C:\\Users\\Admin\\Dropbox\\Work\\09_Resources\\Git\\GitHub\\DNNLikelihood\\DNNLikelihood_dev\\tutorials\\toy\\outfiles\\toy_sampler_figure_GR_sqrtVhat_0.pdf"
    },
    "2020-04-24-11-43-36.9435":{
        "action":"saved figure",
        "file name":"toy_sampler_figure_GR_sqrtW_0.pdf",
        "file path":"C:\\Users\\Admin\\Dropbox\\Work\\09_Resources\\Git\\GitHub\\DNNLikelihood\\DNNLikelihood_dev\\tutorials\\toy\\outfiles\\toy_sampler_figure_GR_sqrtW_0.pdf"
    },
    "2020-04-24-11-43-37.6763":{
        "action":"computed Gelman-Rubin",
        "pars":[
            5
        ],
        "nsteps":[
            4,
            7,
            10,
            40,
            70,
            100,
            400,
            700,
            1000,
            4000
        ]
    },
    "2020-04-24-11-43-38.0218":{
        "action":"saved figure",
        "file name":"toy_sampler_figure_GR_Rc_5.pdf",
        "file path":"C:\\Users\\Admin\\Dropbox\\Work\\09_Resources\\Git\\GitHub\\DNNLikelihood\\DNNLikelihood_dev\\tutorials\\toy\\outfiles\\toy_sampler_figure_GR_Rc_5.pdf"
    },
    "2020-04-24-11-43-39.9377":{
        "action":"saved figure",
        "file name":"toy_sampler_figure_GR_sqrtVhat_5.pdf",
        "file path":"C:\\Users\\Admin\\Dropbox\\Work\\09_Resources\\Git\\GitHub\\DNNLikelihood\\DNNLikelihood_dev\\tutorials\\toy\\outfiles\\toy_sampler_figure_GR_sqrtVhat_5.pdf"
    },
    "2020-04-24-11-43-40.5957":{
        "action":"saved figure",
        "file name":"toy_sampler_figure_GR_sqrtW_5.pdf",
        "file path":"C:\\Users\\Admin\\Dropbox\\Work\\09_Resources\\Git\\GitHub\\DNNLikelihood\\DNNLikelihood_dev\\tutorials\\toy\\outfiles\\toy_sampler_figure_GR_sqrtW_5.pdf"
    },
    "2020-04-24-11-43-51.7138":{
        "action":"saved figure",
        "file name":"toy_sampler_figure_distr_0.pdf",
        "file path":"C:\\Users\\Admin\\Dropbox\\Work\\09_Resources\\Git\\GitHub\\DNNLikelihood\\DNNLikelihood_dev\\tutorials\\toy\\outfiles\\toy_sampler_figure_distr_0.pdf"
    },
    "2020-04-24-11-43-52.2729":{
        "action":"saved figure",
        "file name":"toy_sampler_figure_distr_5.pdf",
        "file path":"C:\\Users\\Admin\\Dropbox\\Work\\09_Resources\\Git\\GitHub\\DNNLikelihood\\DNNLikelihood_dev\\tutorials\\toy\\outfiles\\toy_sampler_figure_distr_5.pdf"
    },
    "2020-04-24-11-43-57.6593":{
        "action":"saved figure",
        "file name":"toy_sampler_figure_autocorr_0.pdf",
        "file path":"C:\\Users\\Admin\\Dropbox\\Work\\09_Resources\\Git\\GitHub\\DNNLikelihood\\DNNLikelihood_dev\\tutorials\\toy\\outfiles\\toy_sampler_figure_autocorr_0.pdf"
    },
    "2020-04-24-11-44-02.8500":{
        "action":"saved figure",
        "file name":"toy_sampler_figure_autocorr_5.pdf",
        "file path":"C:\\Users\\Admin\\Dropbox\\Work\\09_Resources\\Git\\GitHub\\DNNLikelihood\\DNNLikelihood_dev\\tutorials\\toy\\outfiles\\toy_sampler_figure_autocorr_5.pdf"
    },
    "2020-04-24-11-44-03.6936":{
        "action":"saved figure",
        "file name":"toy_sampler_figure_chains_0.pdf",
        "file path":"C:\\Users\\Admin\\Dropbox\\Work\\09_Resources\\Git\\GitHub\\DNNLikelihood\\DNNLikelihood_dev\\tutorials\\toy\\outfiles\\toy_sampler_figure_chains_0.pdf"
    },
    "2020-04-24-11-44-04.4734":{
        "action":"saved figure",
        "file name":"toy_sampler_figure_chains_5.pdf",
        "file path":"C:\\Users\\Admin\\Dropbox\\Work\\09_Resources\\Git\\GitHub\\DNNLikelihood\\DNNLikelihood_dev\\tutorials\\toy\\outfiles\\toy_sampler_figure_chains_5.pdf"
    },
    "2020-04-24-11-44-10.6076":{
        "action":"saved figure",
        "file name":"toy_sampler_figure_chains_logpdf.pdf",
        "file path":"C:\\Users\\Admin\\Dropbox\\Work\\09_Resources\\Git\\GitHub\\DNNLikelihood\\DNNLikelihood_dev\\tutorials\\toy\\outfiles\\toy_sampler_figure_chains_logpdf.pdf"
    }
}