{
    "2020-04-25-09-39-37.2326":{
        "action":"saved",
        "file name":"toy_likelihood.pickle",
        "file path":"C:\\Users\\Admin\\Dropbox\\Work\\09_Resources\\Git\\GitHub\\DNNLikelihood\\DNNLikelihood_dev\\tutorials\\toy\\outfiles\\toy_likelihood.pickle"
    },
    "2020-04-25-09-39-37.2436":{
        "action":"saved",
        "file name":"toy_likelihood.json",
        "file path":"C:\\Users\\Admin\\Dropbox\\Work\\09_Resources\\Git\\GitHub\\DNNLikelihood\\DNNLikelihood_dev\\tutorials\\toy\\outfiles\\toy_likelihood.json"
    },
    "2020-04-25-09-39-48.9888":{
        "action":"saved figure",
        "file name":"toy_likelihood_figure_par_0.pdf",
        "file path":"C:\\Users\\Admin\\Dropbox\\Work\\09_Resources\\Git\\GitHub\\DNNLikelihood\\DNNLikelihood_dev\\tutorials\\toy\\outfiles\\toy_likelihood_figure_par_0.pdf"
    },
    "2020-04-25-09-39-54.9882":{
        "action":"saved figure",
        "file name":"toy_likelihood_figure_par_5.pdf",
        "file path":"C:\\Users\\Admin\\Dropbox\\Work\\09_Resources\\Git\\GitHub\\DNNLikelihood\\DNNLikelihood_dev\\tutorials\\toy\\outfiles\\toy_likelihood_figure_par_5.pdf"
    },
    "2020-04-25-09-39-55.0391":{
        "action":"computed maximum logpdf"
    },
    "2020-04-25-09-39-56.4618":{
        "action":"computed profiled maxima",
        "pars":[
            0
        ],
        "pars_ranges":[
            [
                -1,
                1,
                50
            ]
        ],
        "number of maxima":50
    },
    "2020-04-25-09-39-56.4768":{
        "action":"saved",
        "file name":"toy_likelihood_script.py",
        "file path":"C:\\Users\\Admin\\Dropbox\\Work\\09_Resources\\Git\\GitHub\\DNNLikelihood\\DNNLikelihood_dev\\tutorials\\toy\\outfiles\\toy_likelihood_script.py"
    },
    "2020-04-25-09-39-56.4838":{
        "action":"saved",
        "file name":"toy_likelihood.pickle",
        "file path":"C:\\Users\\Admin\\Dropbox\\Work\\09_Resources\\Git\\GitHub\\DNNLikelihood\\DNNLikelihood_dev\\tutorials\\toy\\outfiles\\toy_likelihood.pickle"
    },
    "2020-04-25-09-39-56.4927":{
        "action":"saved",
        "file name":"toy_likelihood.json",
        "file path":"C:\\Users\\Admin\\Dropbox\\Work\\09_Resources\\Git\\GitHub\\DNNLikelihood\\DNNLikelihood_dev\\tutorials\\toy\\outfiles\\toy_likelihood.json"
    },
    "2020-04-25-09-40-57.2547":{
        "action":"saved",
        "file name":"toy_likelihood_script.py",
        "file path":"C:\\Users\\Admin\\Dropbox\\Work\\09_Resources\\Git\\GitHub\\DNNLikelihood\\DNNLikelihood_dev\\tutorials\\toy\\outfiles\\toy_likelihood_script.py"
    },
    "2020-04-25-09-41-29.2195":{
        "action":"saved",
        "file name":"toy_likelihood_script.py",
        "file path":"C:\\Users\\Admin\\Dropbox\\Work\\09_Resources\\Git\\GitHub\\DNNLikelihood\\DNNLikelihood_dev\\tutorials\\toy\\outfiles\\toy_likelihood_script.py"
    },
    "2020-04-25-10-01-41.0279":{
        "action":"loaded",
        "files names":[
            "toy_likelihood.json",
            "toy_likelihood.log",
            "toy_likelihood.pickle"
        ],
        "files paths":[
            "C:\\Users\\Admin\\Dropbox\\Work\\09_Resources\\Git\\GitHub\\DNNLikelihood\\DNNLikelihood_dev\\tutorials\\toy\\outfiles\\toy_likelihood.json",
            "C:\\Users\\Admin\\Dropbox\\Work\\09_Resources\\Git\\GitHub\\DNNLikelihood\\DNNLikelihood_dev\\tutorials\\toy\\outfiles\\toy_likelihood.log",
            "C:\\Users\\Admin\\Dropbox\\Work\\09_Resources\\Git\\GitHub\\DNNLikelihood\\DNNLikelihood_dev\\tutorials\\toy\\outfiles\\toy_likelihood.pickle"
        ]
    },
    "2020-04-25-10-01-43.0287":{
        "action":"saved",
        "file name":"toy_likelihood.json",
        "file path":"C:\\Users\\Admin\\Dropbox\\Work\\09_Resources\\Git\\GitHub\\DNNLikelihood\\DNNLikelihood_dev\\tutorials\\toy\\outfiles\\toy_likelihood.json"
    },
    "2020-04-25-10-03-43.0040":{
        "action":"loaded",
        "files names":[
            "toy_likelihood.json",
            "toy_likelihood.log",
            "toy_likelihood.pickle"
        ],
        "files paths":[
            "C:\\Users\\Admin\\Dropbox\\Work\\09_Resources\\Git\\GitHub\\DNNLikelihood\\DNNLikelihood_dev\\tutorials\\toy\\outfiles\\toy_likelihood.json",
            "C:\\Users\\Admin\\Dropbox\\Work\\09_Resources\\Git\\GitHub\\DNNLikelihood\\DNNLikelihood_dev\\tutorials\\toy\\outfiles\\toy_likelihood.log",
            "C:\\Users\\Admin\\Dropbox\\Work\\09_Resources\\Git\\GitHub\\DNNLikelihood\\DNNLikelihood_dev\\tutorials\\toy\\outfiles\\toy_likelihood.pickle"
        ]
    },
    "2020-04-25-10-03-45.0058":{
        "action":"saved",
        "file name":"toy_likelihood.json",
        "file path":"C:\\Users\\Admin\\Dropbox\\Work\\09_Resources\\Git\\GitHub\\DNNLikelihood\\DNNLikelihood_dev\\tutorials\\toy\\outfiles\\toy_likelihood.json"
    },
    "2020-04-27-10-08-01.2827":{
        "action":"loaded",
        "files names":[
            "toy_likelihood.json",
            "toy_likelihood.log",
            "toy_likelihood.pickle"
        ],
        "files paths":[
            "C:\\Users\\Admin\\Dropbox\\Work\\09_Resources\\Git\\GitHub\\DNNLikelihood\\DNNLikelihood_dev\\tutorials\\toy\\outfiles\\toy_likelihood.json",
            "C:\\Users\\Admin\\Dropbox\\Work\\09_Resources\\Git\\GitHub\\DNNLikelihood\\DNNLikelihood_dev\\tutorials\\toy\\outfiles\\toy_likelihood.log",
            "C:\\Users\\Admin\\Dropbox\\Work\\09_Resources\\Git\\GitHub\\DNNLikelihood\\DNNLikelihood_dev\\tutorials\\toy\\outfiles\\toy_likelihood.pickle"
        ]
    },
    "2020-04-27-10-08-03.2835":{
        "action":"saved",
        "file name":"toy_likelihood.json",
        "file path":"C:\\Users\\Admin\\Dropbox\\Work\\09_Resources\\Git\\GitHub\\DNNLikelihood\\DNNLikelihood_dev\\tutorials\\toy\\outfiles\\toy_likelihood.json"
    },
    "2020-04-27-14-28-02.1426":{
        "action":"loaded",
        "files names":[
            "toy_likelihood.json",
            "toy_likelihood.log",
            "toy_likelihood.pickle"
        ],
        "files paths":[
            "C:\\Users\\Admin\\Dropbox\\Work\\09_Resources\\Git\\GitHub\\DNNLikelihood\\DNNLikelihood_dev\\tutorials\\toy\\outfiles\\toy_likelihood.json",
            "C:\\Users\\Admin\\Dropbox\\Work\\09_Resources\\Git\\GitHub\\DNNLikelihood\\DNNLikelihood_dev\\tutorials\\toy\\outfiles\\toy_likelihood.log",
            "C:\\Users\\Admin\\Dropbox\\Work\\09_Resources\\Git\\GitHub\\DNNLikelihood\\DNNLikelihood_dev\\tutorials\\toy\\outfiles\\toy_likelihood.pickle"
        ]
    },
    "2020-04-27-14-28-04.1434":{
        "action":"saved",
        "file name":"toy_likelihood.json",
        "file path":"C:\\Users\\Admin\\Dropbox\\Work\\09_Resources\\Git\\GitHub\\DNNLikelihood\\DNNLikelihood_dev\\tutorials\\toy\\outfiles\\toy_likelihood.json"
    },
    "2020-04-27-14-34-48.4605":{
        "action":"loaded",
        "files names":[
            "toy_likelihood.json",
            "toy_likelihood.log",
            "toy_likelihood.pickle"
        ],
        "files paths":[
            "C:\\Users\\Admin\\Dropbox\\Work\\09_Resources\\Git\\GitHub\\DNNLikelihood\\DNNLikelihood_dev\\tutorials\\toy\\outfiles\\toy_likelihood.json",
            "C:\\Users\\Admin\\Dropbox\\Work\\09_Resources\\Git\\GitHub\\DNNLikelihood\\DNNLikelihood_dev\\tutorials\\toy\\outfiles\\toy_likelihood.log",
            "C:\\Users\\Admin\\Dropbox\\Work\\09_Resources\\Git\\GitHub\\DNNLikelihood\\DNNLikelihood_dev\\tutorials\\toy\\outfiles\\toy_likelihood.pickle"
        ]
    },
    "2020-04-27-14-34-50.4613":{
        "action":"saved",
        "file name":"toy_likelihood.json",
        "file path":"C:\\Users\\Admin\\Dropbox\\Work\\09_Resources\\Git\\GitHub\\DNNLikelihood\\DNNLikelihood_dev\\tutorials\\toy\\outfiles\\toy_likelihood.json"
    },
    "2020-04-27-14-38-15.5631":{
        "action":"loaded",
        "files names":[
            "toy_likelihood.json",
            "toy_likelihood.log",
            "toy_likelihood.pickle"
        ],
        "files paths":[
            "C:\\Users\\Admin\\Dropbox\\Work\\09_Resources\\Git\\GitHub\\DNNLikelihood\\DNNLikelihood_dev\\tutorials\\toy\\outfiles\\toy_likelihood.json",
            "C:\\Users\\Admin\\Dropbox\\Work\\09_Resources\\Git\\GitHub\\DNNLikelihood\\DNNLikelihood_dev\\tutorials\\toy\\outfiles\\toy_likelihood.log",
            "C:\\Users\\Admin\\Dropbox\\Work\\09_Resources\\Git\\GitHub\\DNNLikelihood\\DNNLikelihood_dev\\tutorials\\toy\\outfiles\\toy_likelihood.pickle"
        ]
    },
    "2020-04-27-14-38-17.5632":{
        "action":"saved",
        "file name":"toy_likelihood.json",
        "file path":"C:\\Users\\Admin\\Dropbox\\Work\\09_Resources\\Git\\GitHub\\DNNLikelihood\\DNNLikelihood_dev\\tutorials\\toy\\outfiles\\toy_likelihood.json"
    },
    "2020-04-27-14-39-03.4666":{
        "action":"loaded",
        "files names":[
            "toy_likelihood.json",
            "toy_likelihood.log",
            "toy_likelihood.pickle"
        ],
        "files paths":[
            "C:\\Users\\Admin\\Dropbox\\Work\\09_Resources\\Git\\GitHub\\DNNLikelihood\\DNNLikelihood_dev\\tutorials\\toy\\outfiles\\toy_likelihood.json",
            "C:\\Users\\Admin\\Dropbox\\Work\\09_Resources\\Git\\GitHub\\DNNLikelihood\\DNNLikelihood_dev\\tutorials\\toy\\outfiles\\toy_likelihood.log",
            "C:\\Users\\Admin\\Dropbox\\Work\\09_Resources\\Git\\GitHub\\DNNLikelihood\\DNNLikelihood_dev\\tutorials\\toy\\outfiles\\toy_likelihood.pickle"
        ]
    },
    "2020-04-27-14-39-05.4673":{
        "action":"saved",
        "file name":"toy_likelihood.json",
        "file path":"C:\\Users\\Admin\\Dropbox\\Work\\09_Resources\\Git\\GitHub\\DNNLikelihood\\DNNLikelihood_dev\\tutorials\\toy\\outfiles\\toy_likelihood.json"
    },
    "2020-04-27-14-39-25.8437":{
        "action":"loaded",
        "files names":[
            "toy_likelihood.json",
            "toy_likelihood.log",
            "toy_likelihood.pickle"
        ],
        "files paths":[
            "C:\\Users\\Admin\\Dropbox\\Work\\09_Resources\\Git\\GitHub\\DNNLikelihood\\DNNLikelihood_dev\\tutorials\\toy\\outfiles\\toy_likelihood.json",
            "C:\\Users\\Admin\\Dropbox\\Work\\09_Resources\\Git\\GitHub\\DNNLikelihood\\DNNLikelihood_dev\\tutorials\\toy\\outfiles\\toy_likelihood.log",
            "C:\\Users\\Admin\\Dropbox\\Work\\09_Resources\\Git\\GitHub\\DNNLikelihood\\DNNLikelihood_dev\\tutorials\\toy\\outfiles\\toy_likelihood.pickle"
        ]
    },
    "2020-04-27-14-39-27.8454":{
        "action":"saved",
        "file name":"toy_likelihood.json",
        "file path":"C:\\Users\\Admin\\Dropbox\\Work\\09_Resources\\Git\\GitHub\\DNNLikelihood\\DNNLikelihood_dev\\tutorials\\toy\\outfiles\\toy_likelihood.json"
    },
    "2020-04-27-14-41-23.3822":{
        "action":"loaded",
        "files names":[
            "toy_likelihood.json",
            "toy_likelihood.log",
            "toy_likelihood.pickle"
        ],
        "files paths":[
            "C:\\Users\\Admin\\Dropbox\\Work\\09_Resources\\Git\\GitHub\\DNNLikelihood\\DNNLikelihood_dev\\tutorials\\toy\\outfiles\\toy_likelihood.json",
            "C:\\Users\\Admin\\Dropbox\\Work\\09_Resources\\Git\\GitHub\\DNNLikelihood\\DNNLikelihood_dev\\tutorials\\toy\\outfiles\\toy_likelihood.log",
            "C:\\Users\\Admin\\Dropbox\\Work\\09_Resources\\Git\\GitHub\\DNNLikelihood\\DNNLikelihood_dev\\tutorials\\toy\\outfiles\\toy_likelihood.pickle"
        ]
    },
    "2020-04-27-14-41-25.3840":{
        "action":"saved",
        "file name":"toy_likelihood.json",
        "file path":"C:\\Users\\Admin\\Dropbox\\Work\\09_Resources\\Git\\GitHub\\DNNLikelihood\\DNNLikelihood_dev\\tutorials\\toy\\outfiles\\toy_likelihood.json"
    },
    "2020-04-27-14-44-29.7401":{
        "action":"loaded",
        "files names":[
            "toy_likelihood.json",
            "toy_likelihood.log",
            "toy_likelihood.pickle"
        ],
        "files paths":[
            "C:\\Users\\Admin\\Dropbox\\Work\\09_Resources\\Git\\GitHub\\DNNLikelihood\\DNNLikelihood_dev\\tutorials\\toy\\outfiles\\toy_likelihood.json",
            "C:\\Users\\Admin\\Dropbox\\Work\\09_Resources\\Git\\GitHub\\DNNLikelihood\\DNNLikelihood_dev\\tutorials\\toy\\outfiles\\toy_likelihood.log",
            "C:\\Users\\Admin\\Dropbox\\Work\\09_Resources\\Git\\GitHub\\DNNLikelihood\\DNNLikelihood_dev\\tutorials\\toy\\outfiles\\toy_likelihood.pickle"
        ]
    },
    "2020-04-27-14-44-31.7409":{
        "action":"saved",
        "file name":"toy_likelihood.json",
        "file path":"C:\\Users\\Admin\\Dropbox\\Work\\09_Resources\\Git\\GitHub\\DNNLikelihood\\DNNLikelihood_dev\\tutorials\\toy\\outfiles\\toy_likelihood.json"
    },
    "2020-04-27-14-44-42.7083":{
        "action":"loaded",
        "files names":[
            "toy_likelihood.json",
            "toy_likelihood.log",
            "toy_likelihood.pickle"
        ],
        "files paths":[
            "C:\\Users\\Admin\\Dropbox\\Work\\09_Resources\\Git\\GitHub\\DNNLikelihood\\DNNLikelihood_dev\\tutorials\\toy\\outfiles\\toy_likelihood.json",
            "C:\\Users\\Admin\\Dropbox\\Work\\09_Resources\\Git\\GitHub\\DNNLikelihood\\DNNLikelihood_dev\\tutorials\\toy\\outfiles\\toy_likelihood.log",
            "C:\\Users\\Admin\\Dropbox\\Work\\09_Resources\\Git\\GitHub\\DNNLikelihood\\DNNLikelihood_dev\\tutorials\\toy\\outfiles\\toy_likelihood.pickle"
        ]
    },
    "2020-04-27-14-44-44.7101":{
        "action":"saved",
        "file name":"toy_likelihood.json",
        "file path":"C:\\Users\\Admin\\Dropbox\\Work\\09_Resources\\Git\\GitHub\\DNNLikelihood\\DNNLikelihood_dev\\tutorials\\toy\\outfiles\\toy_likelihood.json"
    },
    "2020-04-27-14-45-43.3304":{
        "action":"loaded",
        "files names":[
            "toy_likelihood.json",
            "toy_likelihood.log",
            "toy_likelihood.pickle"
        ],
        "files paths":[
            "C:\\Users\\Admin\\Dropbox\\Work\\09_Resources\\Git\\GitHub\\DNNLikelihood\\DNNLikelihood_dev\\tutorials\\toy\\outfiles\\toy_likelihood.json",
            "C:\\Users\\Admin\\Dropbox\\Work\\09_Resources\\Git\\GitHub\\DNNLikelihood\\DNNLikelihood_dev\\tutorials\\toy\\outfiles\\toy_likelihood.log",
            "C:\\Users\\Admin\\Dropbox\\Work\\09_Resources\\Git\\GitHub\\DNNLikelihood\\DNNLikelihood_dev\\tutorials\\toy\\outfiles\\toy_likelihood.pickle"
        ]
    },
    "2020-04-27-14-45-45.3317":{
        "action":"saved",
        "file name":"toy_likelihood.json",
        "file path":"C:\\Users\\Admin\\Dropbox\\Work\\09_Resources\\Git\\GitHub\\DNNLikelihood\\DNNLikelihood_dev\\tutorials\\toy\\outfiles\\toy_likelihood.json"
    },
    "2020-04-27-14-45-46.6806":{
        "action":"saved",
        "file name":"toy_likelihood_script.py",
        "file path":"C:\\Users\\Admin\\Dropbox\\Work\\09_Resources\\Git\\GitHub\\DNNLikelihood\\DNNLikelihood_dev\\tutorials\\toy\\outfiles\\toy_likelihood_script.py"
    },
    "2020-04-27-14-45-46.6965":{
        "action":"loaded",
        "files names":[
            "toy_likelihood.json",
            "toy_likelihood.log",
            "toy_likelihood.pickle"
        ],
        "files paths":[
            "C:\\Users\\Admin\\Dropbox\\Work\\09_Resources\\Git\\GitHub\\DNNLikelihood\\DNNLikelihood_dev\\tutorials\\toy\\outfiles\\toy_likelihood.json",
            "C:\\Users\\Admin\\Dropbox\\Work\\09_Resources\\Git\\GitHub\\DNNLikelihood\\DNNLikelihood_dev\\tutorials\\toy\\outfiles\\toy_likelihood.log",
            "C:\\Users\\Admin\\Dropbox\\Work\\09_Resources\\Git\\GitHub\\DNNLikelihood\\DNNLikelihood_dev\\tutorials\\toy\\outfiles\\toy_likelihood.pickle"
        ]
    },
    "2020-04-27-14-45-48.6983":{
        "action":"saved",
        "file name":"toy_likelihood.json",
        "file path":"C:\\Users\\Admin\\Dropbox\\Work\\09_Resources\\Git\\GitHub\\DNNLikelihood\\DNNLikelihood_dev\\tutorials\\toy\\outfiles\\toy_likelihood.json"
    },
    "2020-04-27-14-46-07.6929":{
        "action":"loaded",
        "files names":[
            "toy_likelihood.json",
            "toy_likelihood.log",
            "toy_likelihood.pickle"
        ],
        "files paths":[
            "C:\\Users\\Admin\\Dropbox\\Work\\09_Resources\\Git\\GitHub\\DNNLikelihood\\DNNLikelihood_dev\\tutorials\\toy\\outfiles\\toy_likelihood.json",
            "C:\\Users\\Admin\\Dropbox\\Work\\09_Resources\\Git\\GitHub\\DNNLikelihood\\DNNLikelihood_dev\\tutorials\\toy\\outfiles\\toy_likelihood.log",
            "C:\\Users\\Admin\\Dropbox\\Work\\09_Resources\\Git\\GitHub\\DNNLikelihood\\DNNLikelihood_dev\\tutorials\\toy\\outfiles\\toy_likelihood.pickle"
        ]
    },
    "2020-04-27-14-46-09.6937":{
        "action":"saved",
        "file name":"toy_likelihood.json",
        "file path":"C:\\Users\\Admin\\Dropbox\\Work\\09_Resources\\Git\\GitHub\\DNNLikelihood\\DNNLikelihood_dev\\tutorials\\toy\\outfiles\\toy_likelihood.json"
    },
    "2020-04-27-14-47-32.1836":{
        "action":"loaded",
        "files names":[
            "toy_likelihood.json",
            "toy_likelihood.log",
            "toy_likelihood.pickle"
        ],
        "files paths":[
            "C:\\Users\\Admin\\Dropbox\\Work\\09_Resources\\Git\\GitHub\\DNNLikelihood\\DNNLikelihood_dev\\tutorials\\toy\\outfiles\\toy_likelihood.json",
            "C:\\Users\\Admin\\Dropbox\\Work\\09_Resources\\Git\\GitHub\\DNNLikelihood\\DNNLikelihood_dev\\tutorials\\toy\\outfiles\\toy_likelihood.log",
            "C:\\Users\\Admin\\Dropbox\\Work\\09_Resources\\Git\\GitHub\\DNNLikelihood\\DNNLikelihood_dev\\tutorials\\toy\\outfiles\\toy_likelihood.pickle"
        ]
    },
    "2020-04-27-14-47-34.1844":{
        "action":"saved",
        "file name":"toy_likelihood.json",
        "file path":"C:\\Users\\Admin\\Dropbox\\Work\\09_Resources\\Git\\GitHub\\DNNLikelihood\\DNNLikelihood_dev\\tutorials\\toy\\outfiles\\toy_likelihood.json"
    },
    "2020-04-27-14-47-50.1778":{
        "action":"loaded",
        "files names":[
            "toy_likelihood.json",
            "toy_likelihood.log",
            "toy_likelihood.pickle"
        ],
        "files paths":[
            "C:\\Users\\Admin\\Dropbox\\Work\\09_Resources\\Git\\GitHub\\DNNLikelihood\\DNNLikelihood_dev\\tutorials\\toy\\outfiles\\toy_likelihood.json",
            "C:\\Users\\Admin\\Dropbox\\Work\\09_Resources\\Git\\GitHub\\DNNLikelihood\\DNNLikelihood_dev\\tutorials\\toy\\outfiles\\toy_likelihood.log",
            "C:\\Users\\Admin\\Dropbox\\Work\\09_Resources\\Git\\GitHub\\DNNLikelihood\\DNNLikelihood_dev\\tutorials\\toy\\outfiles\\toy_likelihood.pickle"
        ]
    },
    "2020-04-27-14-47-52.1816":{
        "action":"saved",
        "file name":"toy_likelihood.json",
        "file path":"C:\\Users\\Admin\\Dropbox\\Work\\09_Resources\\Git\\GitHub\\DNNLikelihood\\DNNLikelihood_dev\\tutorials\\toy\\outfiles\\toy_likelihood.json"
    },
    "2020-04-27-14-47-58.7724":{
        "action":"loaded",
        "files names":[
            "toy_likelihood.json",
            "toy_likelihood.log",
            "toy_likelihood.pickle"
        ],
        "files paths":[
            "C:\\Users\\Admin\\Dropbox\\Work\\09_Resources\\Git\\GitHub\\DNNLikelihood\\DNNLikelihood_dev\\tutorials\\toy\\outfiles\\toy_likelihood.json",
            "C:\\Users\\Admin\\Dropbox\\Work\\09_Resources\\Git\\GitHub\\DNNLikelihood\\DNNLikelihood_dev\\tutorials\\toy\\outfiles\\toy_likelihood.log",
            "C:\\Users\\Admin\\Dropbox\\Work\\09_Resources\\Git\\GitHub\\DNNLikelihood\\DNNLikelihood_dev\\tutorials\\toy\\outfiles\\toy_likelihood.pickle"
        ]
    },
    "2020-04-27-14-48-00.7732":{
        "action":"saved",
        "file name":"toy_likelihood.json",
        "file path":"C:\\Users\\Admin\\Dropbox\\Work\\09_Resources\\Git\\GitHub\\DNNLikelihood\\DNNLikelihood_dev\\tutorials\\toy\\outfiles\\toy_likelihood.json"
    },
    "2020-04-27-14-52-34.1449":{
        "action":"loaded",
        "files names":[
            "toy_likelihood.json",
            "toy_likelihood.log",
            "toy_likelihood.pickle"
        ],
        "files paths":[
            "C:\\Users\\Admin\\Dropbox\\Work\\09_Resources\\Git\\GitHub\\DNNLikelihood\\DNNLikelihood_dev\\tutorials\\toy\\outfiles\\toy_likelihood.json",
            "C:\\Users\\Admin\\Dropbox\\Work\\09_Resources\\Git\\GitHub\\DNNLikelihood\\DNNLikelihood_dev\\tutorials\\toy\\outfiles\\toy_likelihood.log",
            "C:\\Users\\Admin\\Dropbox\\Work\\09_Resources\\Git\\GitHub\\DNNLikelihood\\DNNLikelihood_dev\\tutorials\\toy\\outfiles\\toy_likelihood.pickle"
        ]
    },
    "2020-04-27-14-52-36.1457":{
        "action":"saved",
        "file name":"toy_likelihood.json",
        "file path":"C:\\Users\\Admin\\Dropbox\\Work\\09_Resources\\Git\\GitHub\\DNNLikelihood\\DNNLikelihood_dev\\tutorials\\toy\\outfiles\\toy_likelihood.json"
    }
}