{
    "2020-05-21-18-09-32.3362":{
        "action":"created"
    },
    "2020-05-21-18-09-32.4031":{
        "action":"import histfactory",
        "folder":"C:\\Users\\Admin\\Dropbox\\Work\\09_Resources\\Git\\GitHub\\DNNLikelihood\\DNNLikelihood_dev\\tutorials\\ATLAS\\HEPData_workspaces"
    },
    "2020-05-21-18-09-32.4230":{
        "action":"saved",
        "file name":"ATLAS_sbottom_search_histfactory.h5",
        "file path":"C:\\Users\\Admin\\Dropbox\\Work\\09_Resources\\Git\\GitHub\\DNNLikelihood\\DNNLikelihood_dev\\tutorials\\toy\\ATLAS_sbottom_search\\histfactory\\ATLAS_sbottom_search_histfactory.h5"
    },
    "2020-05-21-18-09-40.9652":{
        "action":"imported likelihoods",
        "likelihoods numbers":[
            0
        ]
    },
    "2020-05-21-18-09-41.0301":{
        "action":"saved",
        "file name":"ATLAS_sbottom_search_histfactory.h5",
        "file path":"C:\\Users\\Admin\\Dropbox\\Work\\09_Resources\\Git\\GitHub\\DNNLikelihood\\DNNLikelihood_dev\\tutorials\\toy\\ATLAS_sbottom_search\\histfactory\\ATLAS_sbottom_search_histfactory.h5"
    },
    "2020-05-21-18-09-42.4518":{
        "action":"saved likelihood object",
        "likelihood number":0,
        "file names":[
            "ATLAS_sbottom_search_0_region_A_patch_sbottom_1000_131_1_likelihood.h5",
            "ATLAS_sbottom_search_0_region_A_patch_sbottom_1000_131_1_likelihood.log"
        ],
        "files paths":[
            "C:\\Users\\Admin\\Dropbox\\Work\\09_Resources\\Git\\GitHub\\DNNLikelihood\\DNNLikelihood_dev\\tutorials\\toy\\ATLAS_sbottom_search\\likelihood_0\\ATLAS_sbottom_search_0_region_A_patch_sbottom_1000_131_1_likelihood.h5",
            "C:\\Users\\Admin\\Dropbox\\Work\\09_Resources\\Git\\GitHub\\DNNLikelihood\\DNNLikelihood_dev\\tutorials\\toy\\ATLAS_sbottom_search\\likelihood_0\\ATLAS_sbottom_search_0_region_A_patch_sbottom_1000_131_1_likelihood.log"
        ]
    },
    "2020-05-21-18-20-26.3352":{
        "action":"loaded",
        "files names":[
            "ATLAS_sbottom_search_histfactory.h5",
            "ATLAS_sbottom_search_histfactory.log"
        ],
        "files paths":[
            "C:\\Users\\Admin\\Dropbox\\Work\\09_Resources\\Git\\GitHub\\DNNLikelihood\\DNNLikelihood_dev\\tutorials\\toy\\ATLAS_sbottom_search\\histfactory\\ATLAS_sbottom_search_histfactory.h5",
            "C:\\Users\\Admin\\Dropbox\\Work\\09_Resources\\Git\\GitHub\\DNNLikelihood\\DNNLikelihood_dev\\tutorials\\toy\\ATLAS_sbottom_search\\histfactory\\ATLAS_sbottom_search_histfactory.log"
        ]
    },
    "2020-05-21-18-20-26.3571":{
        "action":"saved",
        "file name":"ATLAS_sbottom_search_histfactory.h5",
        "file path":"C:\\Users\\Admin\\Dropbox\\Work\\09_Resources\\Git\\GitHub\\DNNLikelihood\\DNNLikelihood_dev\\tutorials\\toy\\ATLAS_sbottom_search\\histfactory\\ATLAS_sbottom_search_histfactory.h5"
    }
}