{
    "2020-06-23-17-33-50.3908":{
        "action":"created"
    },
    "2020-06-23-17-33-53.7315":{
        "action":"init sampler",
        "available steps":0
    },
    "2020-06-23-17-33-53.4360":{
        "action":"created backend",
        "file name":"DY_sampler_backend.h5",
        "file path":"C:\\Users\\Admin\\Dropbox\\Work\\09_Resources\\Git\\GitHub\\DNNLikelihood\\DNNLikelihood_dev\\tutorials\\Drell-Yan\\Sampler\\DY_sampler_backend.h5"
    },
    "2020-06-23-17-33-53.7395":{
        "action":"saved",
        "file name":"DY_sampler.h5",
        "file path":"C:\\Users\\Admin\\Dropbox\\Work\\09_Resources\\Git\\GitHub\\DNNLikelihood\\DNNLikelihood_dev\\tutorials\\Drell-Yan\\Sampler\\DY_sampler.h5"
    },
    "2020-06-23-19-35-33.4494":{
        "action":"run sampler",
        "nsteps":200000,
        "available steps":200000,
        "file name":"DY_sampler_backend.h5",
        "file path":"C:\\Users\\Admin\\Dropbox\\Work\\09_Resources\\Git\\GitHub\\DNNLikelihood\\DNNLikelihood_dev\\tutorials\\Drell-Yan\\Sampler\\DY_sampler_backend.h5"
    },
    "2020-06-30-12-32-35.5782":{
        "action":"computed Gelman-Rubin",
        "pars":[
            0,
            1
        ],
        "nsteps":[
            500,
            1000,
            5000,
            10000,
            50000,
            100000,
            200000
        ]
    },
    "2020-06-30-12-39-28.8725":{
        "action":"computed Gelman-Rubin",
        "pars":[
            0
        ],
        "nsteps":[
            6,
            10,
            60,
            100,
            600,
            2000,
            6000,
            20000,
            60000,
            200000
        ]
    },
    "2020-06-30-12-39-37.4823":{
        "action":"saved figure",
        "file name":"DY_sampler_figure_GR_Rc_0.pdf",
        "file path":"C:\\Users\\Admin\\Dropbox\\Work\\09_Resources\\Git\\GitHub\\DNNLikelihood\\DNNLikelihood_dev\\tutorials\\Drell-Yan\\Sampler\\figures\\DY_sampler_figure_GR_Rc_0.pdf"
    },
    "2020-06-30-12-39-40.9727":{
        "action":"saved figure",
        "file name":"DY_sampler_figure_GR_sqrtVhat_0.pdf",
        "file path":"C:\\Users\\Admin\\Dropbox\\Work\\09_Resources\\Git\\GitHub\\DNNLikelihood\\DNNLikelihood_dev\\tutorials\\Drell-Yan\\Sampler\\figures\\DY_sampler_figure_GR_sqrtVhat_0.pdf"
    },
    "2020-06-30-12-39-41.9911":{
        "action":"saved figure",
        "file name":"DY_sampler_figure_GR_sqrtW_0.pdf",
        "file path":"C:\\Users\\Admin\\Dropbox\\Work\\09_Resources\\Git\\GitHub\\DNNLikelihood\\DNNLikelihood_dev\\tutorials\\Drell-Yan\\Sampler\\figures\\DY_sampler_figure_GR_sqrtW_0.pdf"
    },
    "2020-06-30-12-46-39.4696":{
        "action":"computed Gelman-Rubin",
        "pars":[
            1
        ],
        "nsteps":[
            6,
            10,
            60,
            100,
            600,
            2000,
            6000,
            20000,
            60000,
            200000
        ]
    },
    "2020-06-30-12-46-43.0164":{
        "action":"saved figure",
        "file name":"DY_sampler_figure_GR_Rc_1.pdf",
        "file path":"C:\\Users\\Admin\\Dropbox\\Work\\09_Resources\\Git\\GitHub\\DNNLikelihood\\DNNLikelihood_dev\\tutorials\\Drell-Yan\\Sampler\\figures\\DY_sampler_figure_GR_Rc_1.pdf"
    },
    "2020-06-30-12-46-44.2664":{
        "action":"saved figure",
        "file name":"DY_sampler_figure_GR_sqrtVhat_1.pdf",
        "file path":"C:\\Users\\Admin\\Dropbox\\Work\\09_Resources\\Git\\GitHub\\DNNLikelihood\\DNNLikelihood_dev\\tutorials\\Drell-Yan\\Sampler\\figures\\DY_sampler_figure_GR_sqrtVhat_1.pdf"
    },
    "2020-06-30-12-46-46.0626":{
        "action":"saved figure",
        "file name":"DY_sampler_figure_GR_sqrtW_1.pdf",
        "file path":"C:\\Users\\Admin\\Dropbox\\Work\\09_Resources\\Git\\GitHub\\DNNLikelihood\\DNNLikelihood_dev\\tutorials\\Drell-Yan\\Sampler\\figures\\DY_sampler_figure_GR_sqrtW_1.pdf"
    },
    "2020-06-30-12-53-53.7222":{
        "action":"computed Gelman-Rubin",
        "pars":[
            2
        ],
        "nsteps":[
            6,
            10,
            60,
            100,
            600,
            2000,
            6000,
            20000,
            60000,
            200000
        ]
    },
    "2020-06-30-12-53-58.7681":{
        "action":"saved figure",
        "file name":"DY_sampler_figure_GR_Rc_2.pdf",
        "file path":"C:\\Users\\Admin\\Dropbox\\Work\\09_Resources\\Git\\GitHub\\DNNLikelihood\\DNNLikelihood_dev\\tutorials\\Drell-Yan\\Sampler\\figures\\DY_sampler_figure_GR_Rc_2.pdf"
    },
    "2020-06-30-12-53-59.8295":{
        "action":"saved figure",
        "file name":"DY_sampler_figure_GR_sqrtVhat_2.pdf",
        "file path":"C:\\Users\\Admin\\Dropbox\\Work\\09_Resources\\Git\\GitHub\\DNNLikelihood\\DNNLikelihood_dev\\tutorials\\Drell-Yan\\Sampler\\figures\\DY_sampler_figure_GR_sqrtVhat_2.pdf"
    },
    "2020-06-30-12-54-00.8938":{
        "action":"saved figure",
        "file name":"DY_sampler_figure_GR_sqrtW_2.pdf",
        "file path":"C:\\Users\\Admin\\Dropbox\\Work\\09_Resources\\Git\\GitHub\\DNNLikelihood\\DNNLikelihood_dev\\tutorials\\Drell-Yan\\Sampler\\figures\\DY_sampler_figure_GR_sqrtW_2.pdf"
    },
    "2020-06-30-13-00-59.7889":{
        "action":"computed Gelman-Rubin",
        "pars":[
            3
        ],
        "nsteps":[
            6,
            10,
            60,
            100,
            600,
            2000,
            6000,
            20000,
            60000,
            200000
        ]
    },
    "2020-06-30-13-01-03.1275":{
        "action":"saved figure",
        "file name":"DY_sampler_figure_GR_Rc_3.pdf",
        "file path":"C:\\Users\\Admin\\Dropbox\\Work\\09_Resources\\Git\\GitHub\\DNNLikelihood\\DNNLikelihood_dev\\tutorials\\Drell-Yan\\Sampler\\figures\\DY_sampler_figure_GR_Rc_3.pdf"
    },
    "2020-06-30-13-01-04.3446":{
        "action":"saved figure",
        "file name":"DY_sampler_figure_GR_sqrtVhat_3.pdf",
        "file path":"C:\\Users\\Admin\\Dropbox\\Work\\09_Resources\\Git\\GitHub\\DNNLikelihood\\DNNLikelihood_dev\\tutorials\\Drell-Yan\\Sampler\\figures\\DY_sampler_figure_GR_sqrtVhat_3.pdf"
    },
    "2020-06-30-13-01-05.4129":{
        "action":"saved figure",
        "file name":"DY_sampler_figure_GR_sqrtW_3.pdf",
        "file path":"C:\\Users\\Admin\\Dropbox\\Work\\09_Resources\\Git\\GitHub\\DNNLikelihood\\DNNLikelihood_dev\\tutorials\\Drell-Yan\\Sampler\\figures\\DY_sampler_figure_GR_sqrtW_3.pdf"
    },
    "2020-06-30-13-08-01.3711":{
        "action":"computed Gelman-Rubin",
        "pars":[
            20
        ],
        "nsteps":[
            6,
            10,
            60,
            100,
            600,
            2000,
            6000,
            20000,
            60000,
            200000
        ]
    },
    "2020-06-30-13-08-07.4144":{
        "action":"saved figure",
        "file name":"DY_sampler_figure_GR_Rc_20.pdf",
        "file path":"C:\\Users\\Admin\\Dropbox\\Work\\09_Resources\\Git\\GitHub\\DNNLikelihood\\DNNLikelihood_dev\\tutorials\\Drell-Yan\\Sampler\\figures\\DY_sampler_figure_GR_Rc_20.pdf"
    },
    "2020-06-30-13-08-10.3756":{
        "action":"saved figure",
        "file name":"DY_sampler_figure_GR_sqrtVhat_20.pdf",
        "file path":"C:\\Users\\Admin\\Dropbox\\Work\\09_Resources\\Git\\GitHub\\DNNLikelihood\\DNNLikelihood_dev\\tutorials\\Drell-Yan\\Sampler\\figures\\DY_sampler_figure_GR_sqrtVhat_20.pdf"
    },
    "2020-06-30-13-08-13.2151":{
        "action":"saved figure",
        "file name":"DY_sampler_figure_GR_sqrtW_20.pdf",
        "file path":"C:\\Users\\Admin\\Dropbox\\Work\\09_Resources\\Git\\GitHub\\DNNLikelihood\\DNNLikelihood_dev\\tutorials\\Drell-Yan\\Sampler\\figures\\DY_sampler_figure_GR_sqrtW_20.pdf"
    },
    "2020-06-30-13-08-59.5219":{
        "action":"saved figure",
        "file name":"DY_sampler_figure_distr_0.pdf",
        "file path":"C:\\Users\\Admin\\Dropbox\\Work\\09_Resources\\Git\\GitHub\\DNNLikelihood\\DNNLikelihood_dev\\tutorials\\Drell-Yan\\Sampler\\figures\\DY_sampler_figure_distr_0.pdf"
    },
    "2020-06-30-13-09-48.9377":{
        "action":"saved figure",
        "file name":"DY_sampler_figure_distr_1.pdf",
        "file path":"C:\\Users\\Admin\\Dropbox\\Work\\09_Resources\\Git\\GitHub\\DNNLikelihood\\DNNLikelihood_dev\\tutorials\\Drell-Yan\\Sampler\\figures\\DY_sampler_figure_distr_1.pdf"
    },
    "2020-06-30-13-10-37.7374":{
        "action":"saved figure",
        "file name":"DY_sampler_figure_distr_2.pdf",
        "file path":"C:\\Users\\Admin\\Dropbox\\Work\\09_Resources\\Git\\GitHub\\DNNLikelihood\\DNNLikelihood_dev\\tutorials\\Drell-Yan\\Sampler\\figures\\DY_sampler_figure_distr_2.pdf"
    },
    "2020-06-30-13-11-27.8292":{
        "action":"saved figure",
        "file name":"DY_sampler_figure_distr_3.pdf",
        "file path":"C:\\Users\\Admin\\Dropbox\\Work\\09_Resources\\Git\\GitHub\\DNNLikelihood\\DNNLikelihood_dev\\tutorials\\Drell-Yan\\Sampler\\figures\\DY_sampler_figure_distr_3.pdf"
    },
    "2020-06-30-13-12-18.5838":{
        "action":"saved figure",
        "file name":"DY_sampler_figure_distr_20.pdf",
        "file path":"C:\\Users\\Admin\\Dropbox\\Work\\09_Resources\\Git\\GitHub\\DNNLikelihood\\DNNLikelihood_dev\\tutorials\\Drell-Yan\\Sampler\\figures\\DY_sampler_figure_distr_20.pdf"
    },
    "2020-06-30-13-18-23.3676":{
        "action":"saved figure",
        "file name":"DY_sampler_figure_autocorr_0.pdf",
        "file path":"C:\\Users\\Admin\\Dropbox\\Work\\09_Resources\\Git\\GitHub\\DNNLikelihood\\DNNLikelihood_dev\\tutorials\\Drell-Yan\\Sampler\\figures\\DY_sampler_figure_autocorr_0.pdf"
    },
    "2020-06-30-13-24-15.7646":{
        "action":"saved figure",
        "file name":"DY_sampler_figure_autocorr_1.pdf",
        "file path":"C:\\Users\\Admin\\Dropbox\\Work\\09_Resources\\Git\\GitHub\\DNNLikelihood\\DNNLikelihood_dev\\tutorials\\Drell-Yan\\Sampler\\figures\\DY_sampler_figure_autocorr_1.pdf"
    },
    "2020-06-30-13-31-44.3152":{
        "action":"saved figure",
        "file name":"DY_sampler_figure_autocorr_2.pdf",
        "file path":"C:\\Users\\Admin\\Dropbox\\Work\\09_Resources\\Git\\GitHub\\DNNLikelihood\\DNNLikelihood_dev\\tutorials\\Drell-Yan\\Sampler\\figures\\DY_sampler_figure_autocorr_2.pdf"
    },
    "2020-06-30-13-38-18.8958":{
        "action":"saved figure",
        "file name":"DY_sampler_figure_autocorr_3.pdf",
        "file path":"C:\\Users\\Admin\\Dropbox\\Work\\09_Resources\\Git\\GitHub\\DNNLikelihood\\DNNLikelihood_dev\\tutorials\\Drell-Yan\\Sampler\\figures\\DY_sampler_figure_autocorr_3.pdf"
    },
    "2020-06-30-13-44-44.2139":{
        "action":"saved figure",
        "file name":"DY_sampler_figure_autocorr_20.pdf",
        "file path":"C:\\Users\\Admin\\Dropbox\\Work\\09_Resources\\Git\\GitHub\\DNNLikelihood\\DNNLikelihood_dev\\tutorials\\Drell-Yan\\Sampler\\figures\\DY_sampler_figure_autocorr_20.pdf"
    },
    "2020-06-30-13-45-29.3435":{
        "action":"saved figure",
        "file name":"DY_sampler_figure_chains_0.pdf",
        "file path":"C:\\Users\\Admin\\Dropbox\\Work\\09_Resources\\Git\\GitHub\\DNNLikelihood\\DNNLikelihood_dev\\tutorials\\Drell-Yan\\Sampler\\figures\\DY_sampler_figure_chains_0.pdf"
    },
    "2020-06-30-13-46-14.0499":{
        "action":"saved figure",
        "file name":"DY_sampler_figure_chains_1.pdf",
        "file path":"C:\\Users\\Admin\\Dropbox\\Work\\09_Resources\\Git\\GitHub\\DNNLikelihood\\DNNLikelihood_dev\\tutorials\\Drell-Yan\\Sampler\\figures\\DY_sampler_figure_chains_1.pdf"
    },
    "2020-06-30-13-46-58.9619":{
        "action":"saved figure",
        "file name":"DY_sampler_figure_chains_2.pdf",
        "file path":"C:\\Users\\Admin\\Dropbox\\Work\\09_Resources\\Git\\GitHub\\DNNLikelihood\\DNNLikelihood_dev\\tutorials\\Drell-Yan\\Sampler\\figures\\DY_sampler_figure_chains_2.pdf"
    },
    "2020-06-30-13-47-45.1543":{
        "action":"saved figure",
        "file name":"DY_sampler_figure_chains_3.pdf",
        "file path":"C:\\Users\\Admin\\Dropbox\\Work\\09_Resources\\Git\\GitHub\\DNNLikelihood\\DNNLikelihood_dev\\tutorials\\Drell-Yan\\Sampler\\figures\\DY_sampler_figure_chains_3.pdf"
    },
    "2020-06-30-13-48-30.9399":{
        "action":"saved figure",
        "file name":"DY_sampler_figure_chains_20.pdf",
        "file path":"C:\\Users\\Admin\\Dropbox\\Work\\09_Resources\\Git\\GitHub\\DNNLikelihood\\DNNLikelihood_dev\\tutorials\\Drell-Yan\\Sampler\\figures\\DY_sampler_figure_chains_20.pdf"
    },
    "2020-06-30-13-48-38.9600":{
        "action":"saved figure",
        "file name":"DY_sampler_figure_chains_logpdf.pdf",
        "file path":"C:\\Users\\Admin\\Dropbox\\Work\\09_Resources\\Git\\GitHub\\DNNLikelihood\\DNNLikelihood_dev\\tutorials\\Drell-Yan\\Sampler\\figures\\DY_sampler_figure_chains_logpdf.pdf"
    },
    "2020-06-30-13-48-39.8496":{
        "action":"saved",
        "file name":"DY_sampler.h5",
        "file path":"C:\\Users\\Admin\\Dropbox\\Work\\09_Resources\\Git\\GitHub\\DNNLikelihood\\DNNLikelihood_dev\\tutorials\\Drell-Yan\\Sampler\\DY_sampler.h5"
    },
    "2020-07-03-08-48-42.3251":{
        "action":"created data object",
        "files names":[
            "DY_data.log",
            "DY_data_object.h5",
            "DY_data_samples.h5",
            "DY_sampler.log"
        ],
        "files paths":[
            "C:\\Users\\Admin\\Dropbox\\Work\\09_Resources\\Git\\GitHub\\DNNLikelihood\\DNNLikelihood_dev\\tutorials\\Drell-Yan\\Data\\DY_data.log",
            "C:\\Users\\Admin\\Dropbox\\Work\\09_Resources\\Git\\GitHub\\DNNLikelihood\\DNNLikelihood_dev\\tutorials\\Drell-Yan\\Data\\DY_data_object.h5",
            "C:\\Users\\Admin\\Dropbox\\Work\\09_Resources\\Git\\GitHub\\DNNLikelihood\\DNNLikelihood_dev\\tutorials\\Drell-Yan\\Data\\DY_data_samples.h5",
            "C:\\Users\\Admin\\Dropbox\\Work\\09_Resources\\Git\\GitHub\\DNNLikelihood\\DNNLikelihood_dev\\tutorials\\Drell-Yan\\Sampler\\DY_sampler.log"
        ]
    }
}