{
    "2020-06-14-09-34-43.9182":{
        "action":"created"
    },
    "2020-06-14-09-34-47.2459":{
        "action":"init sampler",
        "available steps":0
    },
    "2020-06-14-09-34-46.9533":{
        "action":"created backend",
        "file name":"DY_sampler_backend.h5",
        "file path":"C:\\Users\\Admin\\Dropbox\\Work\\09_Resources\\Git\\GitHub\\DNNLikelihood\\DNNLikelihood_dev\\tutorials\\Drell-Yan\\Sampler\\DY_sampler_backend.h5"
    },
    "2020-06-14-09-34-47.2539":{
        "action":"saved",
        "file name":"DY_sampler.h5",
        "file path":"C:\\Users\\Admin\\Dropbox\\Work\\09_Resources\\Git\\GitHub\\DNNLikelihood\\DNNLikelihood_dev\\tutorials\\Drell-Yan\\Sampler\\DY_sampler.h5"
    },
    "2020-06-14-11-37-40.1714":{
        "action":"run sampler",
        "nsteps":200000,
        "available steps":200000,
        "file name":"DY_sampler_backend.h5",
        "file path":"C:\\Users\\Admin\\Dropbox\\Work\\09_Resources\\Git\\GitHub\\DNNLikelihood\\DNNLikelihood_dev\\tutorials\\Drell-Yan\\Sampler\\DY_sampler_backend.h5"
    },
    "2020-06-14-16-16-29.5088":{
        "action":"computed Gelman-Rubin",
        "pars":[
            0,
            1
        ],
        "nsteps":[
            500,
            1000,
            5000,
            10000,
            50000,
            100000,
            200000
        ]
    },
    "2020-06-14-16-20-41.3425":{
        "action":"computed Gelman-Rubin",
        "pars":[
            0
        ],
        "nsteps":[
            6,
            10,
            60,
            100,
            600,
            2000,
            6000,
            20000,
            60000,
            200000
        ]
    },
    "2020-06-14-16-20-47.3130":{
        "action":"saved figure",
        "file name":"DY_sampler_figure_GR_Rc_0.pdf",
        "file path":"C:\\Users\\Admin\\Dropbox\\Work\\09_Resources\\Git\\GitHub\\DNNLikelihood\\DNNLikelihood_dev\\tutorials\\Drell-Yan\\Sampler\\figures\\DY_sampler_figure_GR_Rc_0.pdf"
    },
    "2020-06-14-16-20-49.7411":{
        "action":"saved figure",
        "file name":"DY_sampler_figure_GR_sqrtVhat_0.pdf",
        "file path":"C:\\Users\\Admin\\Dropbox\\Work\\09_Resources\\Git\\GitHub\\DNNLikelihood\\DNNLikelihood_dev\\tutorials\\Drell-Yan\\Sampler\\figures\\DY_sampler_figure_GR_sqrtVhat_0.pdf"
    },
    "2020-06-14-16-20-50.5677":{
        "action":"saved figure",
        "file name":"DY_sampler_figure_GR_sqrtW_0.pdf",
        "file path":"C:\\Users\\Admin\\Dropbox\\Work\\09_Resources\\Git\\GitHub\\DNNLikelihood\\DNNLikelihood_dev\\tutorials\\Drell-Yan\\Sampler\\figures\\DY_sampler_figure_GR_sqrtW_0.pdf"
    },
    "2020-06-14-16-25-00.2946":{
        "action":"computed Gelman-Rubin",
        "pars":[
            1
        ],
        "nsteps":[
            6,
            10,
            60,
            100,
            600,
            2000,
            6000,
            20000,
            60000,
            200000
        ]
    },
    "2020-06-14-16-25-02.6508":{
        "action":"saved figure",
        "file name":"DY_sampler_figure_GR_Rc_1.pdf",
        "file path":"C:\\Users\\Admin\\Dropbox\\Work\\09_Resources\\Git\\GitHub\\DNNLikelihood\\DNNLikelihood_dev\\tutorials\\Drell-Yan\\Sampler\\figures\\DY_sampler_figure_GR_Rc_1.pdf"
    },
    "2020-06-14-16-25-08.0502":{
        "action":"saved figure",
        "file name":"DY_sampler_figure_GR_sqrtVhat_1.pdf",
        "file path":"C:\\Users\\Admin\\Dropbox\\Work\\09_Resources\\Git\\GitHub\\DNNLikelihood\\DNNLikelihood_dev\\tutorials\\Drell-Yan\\Sampler\\figures\\DY_sampler_figure_GR_sqrtVhat_1.pdf"
    },
    "2020-06-14-16-25-08.8719":{
        "action":"saved figure",
        "file name":"DY_sampler_figure_GR_sqrtW_1.pdf",
        "file path":"C:\\Users\\Admin\\Dropbox\\Work\\09_Resources\\Git\\GitHub\\DNNLikelihood\\DNNLikelihood_dev\\tutorials\\Drell-Yan\\Sampler\\figures\\DY_sampler_figure_GR_sqrtW_1.pdf"
    },
    "2020-06-14-16-29-19.0888":{
        "action":"computed Gelman-Rubin",
        "pars":[
            2
        ],
        "nsteps":[
            6,
            10,
            60,
            100,
            600,
            2000,
            6000,
            20000,
            60000,
            200000
        ]
    },
    "2020-06-14-16-29-23.0555":{
        "action":"saved figure",
        "file name":"DY_sampler_figure_GR_Rc_2.pdf",
        "file path":"C:\\Users\\Admin\\Dropbox\\Work\\09_Resources\\Git\\GitHub\\DNNLikelihood\\DNNLikelihood_dev\\tutorials\\Drell-Yan\\Sampler\\figures\\DY_sampler_figure_GR_Rc_2.pdf"
    },
    "2020-06-14-16-29-23.8662":{
        "action":"saved figure",
        "file name":"DY_sampler_figure_GR_sqrtVhat_2.pdf",
        "file path":"C:\\Users\\Admin\\Dropbox\\Work\\09_Resources\\Git\\GitHub\\DNNLikelihood\\DNNLikelihood_dev\\tutorials\\Drell-Yan\\Sampler\\figures\\DY_sampler_figure_GR_sqrtVhat_2.pdf"
    },
    "2020-06-14-16-29-24.6529":{
        "action":"saved figure",
        "file name":"DY_sampler_figure_GR_sqrtW_2.pdf",
        "file path":"C:\\Users\\Admin\\Dropbox\\Work\\09_Resources\\Git\\GitHub\\DNNLikelihood\\DNNLikelihood_dev\\tutorials\\Drell-Yan\\Sampler\\figures\\DY_sampler_figure_GR_sqrtW_2.pdf"
    },
    "2020-06-14-16-33-34.2397":{
        "action":"computed Gelman-Rubin",
        "pars":[
            3
        ],
        "nsteps":[
            6,
            10,
            60,
            100,
            600,
            2000,
            6000,
            20000,
            60000,
            200000
        ]
    },
    "2020-06-14-16-33-36.5799":{
        "action":"saved figure",
        "file name":"DY_sampler_figure_GR_Rc_3.pdf",
        "file path":"C:\\Users\\Admin\\Dropbox\\Work\\09_Resources\\Git\\GitHub\\DNNLikelihood\\DNNLikelihood_dev\\tutorials\\Drell-Yan\\Sampler\\figures\\DY_sampler_figure_GR_Rc_3.pdf"
    },
    "2020-06-14-16-33-37.3427":{
        "action":"saved figure",
        "file name":"DY_sampler_figure_GR_sqrtVhat_3.pdf",
        "file path":"C:\\Users\\Admin\\Dropbox\\Work\\09_Resources\\Git\\GitHub\\DNNLikelihood\\DNNLikelihood_dev\\tutorials\\Drell-Yan\\Sampler\\figures\\DY_sampler_figure_GR_sqrtVhat_3.pdf"
    },
    "2020-06-14-16-33-38.1125":{
        "action":"saved figure",
        "file name":"DY_sampler_figure_GR_sqrtW_3.pdf",
        "file path":"C:\\Users\\Admin\\Dropbox\\Work\\09_Resources\\Git\\GitHub\\DNNLikelihood\\DNNLikelihood_dev\\tutorials\\Drell-Yan\\Sampler\\figures\\DY_sampler_figure_GR_sqrtW_3.pdf"
    },
    "2020-06-14-16-37-50.0601":{
        "action":"computed Gelman-Rubin",
        "pars":[
            20
        ],
        "nsteps":[
            6,
            10,
            60,
            100,
            600,
            2000,
            6000,
            20000,
            60000,
            200000
        ]
    },
    "2020-06-14-16-37-52.4574":{
        "action":"saved figure",
        "file name":"DY_sampler_figure_GR_Rc_20.pdf",
        "file path":"C:\\Users\\Admin\\Dropbox\\Work\\09_Resources\\Git\\GitHub\\DNNLikelihood\\DNNLikelihood_dev\\tutorials\\Drell-Yan\\Sampler\\figures\\DY_sampler_figure_GR_Rc_20.pdf"
    },
    "2020-06-14-16-37-53.2312":{
        "action":"saved figure",
        "file name":"DY_sampler_figure_GR_sqrtVhat_20.pdf",
        "file path":"C:\\Users\\Admin\\Dropbox\\Work\\09_Resources\\Git\\GitHub\\DNNLikelihood\\DNNLikelihood_dev\\tutorials\\Drell-Yan\\Sampler\\figures\\DY_sampler_figure_GR_sqrtVhat_20.pdf"
    },
    "2020-06-14-16-37-54.0119":{
        "action":"saved figure",
        "file name":"DY_sampler_figure_GR_sqrtW_20.pdf",
        "file path":"C:\\Users\\Admin\\Dropbox\\Work\\09_Resources\\Git\\GitHub\\DNNLikelihood\\DNNLikelihood_dev\\tutorials\\Drell-Yan\\Sampler\\figures\\DY_sampler_figure_GR_sqrtW_20.pdf"
    },
    "2020-06-14-16-38-21.7852":{
        "action":"saved figure",
        "file name":"DY_sampler_figure_distr_0.pdf",
        "file path":"C:\\Users\\Admin\\Dropbox\\Work\\09_Resources\\Git\\GitHub\\DNNLikelihood\\DNNLikelihood_dev\\tutorials\\Drell-Yan\\Sampler\\figures\\DY_sampler_figure_distr_0.pdf"
    },
    "2020-06-14-16-38-49.7773":{
        "action":"saved figure",
        "file name":"DY_sampler_figure_distr_1.pdf",
        "file path":"C:\\Users\\Admin\\Dropbox\\Work\\09_Resources\\Git\\GitHub\\DNNLikelihood\\DNNLikelihood_dev\\tutorials\\Drell-Yan\\Sampler\\figures\\DY_sampler_figure_distr_1.pdf"
    },
    "2020-06-14-16-39-18.2267":{
        "action":"saved figure",
        "file name":"DY_sampler_figure_distr_2.pdf",
        "file path":"C:\\Users\\Admin\\Dropbox\\Work\\09_Resources\\Git\\GitHub\\DNNLikelihood\\DNNLikelihood_dev\\tutorials\\Drell-Yan\\Sampler\\figures\\DY_sampler_figure_distr_2.pdf"
    },
    "2020-06-14-16-39-46.5754":{
        "action":"saved figure",
        "file name":"DY_sampler_figure_distr_3.pdf",
        "file path":"C:\\Users\\Admin\\Dropbox\\Work\\09_Resources\\Git\\GitHub\\DNNLikelihood\\DNNLikelihood_dev\\tutorials\\Drell-Yan\\Sampler\\figures\\DY_sampler_figure_distr_3.pdf"
    },
    "2020-06-14-16-40-14.8271":{
        "action":"saved figure",
        "file name":"DY_sampler_figure_distr_20.pdf",
        "file path":"C:\\Users\\Admin\\Dropbox\\Work\\09_Resources\\Git\\GitHub\\DNNLikelihood\\DNNLikelihood_dev\\tutorials\\Drell-Yan\\Sampler\\figures\\DY_sampler_figure_distr_20.pdf"
    },
    "2020-06-14-16-45-18.0829":{
        "action":"saved figure",
        "file name":"DY_sampler_figure_autocorr_0.pdf",
        "file path":"C:\\Users\\Admin\\Dropbox\\Work\\09_Resources\\Git\\GitHub\\DNNLikelihood\\DNNLikelihood_dev\\tutorials\\Drell-Yan\\Sampler\\figures\\DY_sampler_figure_autocorr_0.pdf"
    },
    "2020-06-14-16-50-22.7935":{
        "action":"saved figure",
        "file name":"DY_sampler_figure_autocorr_1.pdf",
        "file path":"C:\\Users\\Admin\\Dropbox\\Work\\09_Resources\\Git\\GitHub\\DNNLikelihood\\DNNLikelihood_dev\\tutorials\\Drell-Yan\\Sampler\\figures\\DY_sampler_figure_autocorr_1.pdf"
    },
    "2020-06-14-16-56-43.4030":{
        "action":"saved figure",
        "file name":"DY_sampler_figure_autocorr_2.pdf",
        "file path":"C:\\Users\\Admin\\Dropbox\\Work\\09_Resources\\Git\\GitHub\\DNNLikelihood\\DNNLikelihood_dev\\tutorials\\Drell-Yan\\Sampler\\figures\\DY_sampler_figure_autocorr_2.pdf"
    },
    "2020-06-14-17-03-03.5506":{
        "action":"saved figure",
        "file name":"DY_sampler_figure_autocorr_3.pdf",
        "file path":"C:\\Users\\Admin\\Dropbox\\Work\\09_Resources\\Git\\GitHub\\DNNLikelihood\\DNNLikelihood_dev\\tutorials\\Drell-Yan\\Sampler\\figures\\DY_sampler_figure_autocorr_3.pdf"
    },
    "2020-06-14-17-09-20.3424":{
        "action":"saved figure",
        "file name":"DY_sampler_figure_autocorr_20.pdf",
        "file path":"C:\\Users\\Admin\\Dropbox\\Work\\09_Resources\\Git\\GitHub\\DNNLikelihood\\DNNLikelihood_dev\\tutorials\\Drell-Yan\\Sampler\\figures\\DY_sampler_figure_autocorr_20.pdf"
    },
    "2020-06-14-17-09-46.3459":{
        "action":"saved figure",
        "file name":"DY_sampler_figure_chains_0.pdf",
        "file path":"C:\\Users\\Admin\\Dropbox\\Work\\09_Resources\\Git\\GitHub\\DNNLikelihood\\DNNLikelihood_dev\\tutorials\\Drell-Yan\\Sampler\\figures\\DY_sampler_figure_chains_0.pdf"
    },
    "2020-06-14-17-10-12.9939":{
        "action":"saved figure",
        "file name":"DY_sampler_figure_chains_1.pdf",
        "file path":"C:\\Users\\Admin\\Dropbox\\Work\\09_Resources\\Git\\GitHub\\DNNLikelihood\\DNNLikelihood_dev\\tutorials\\Drell-Yan\\Sampler\\figures\\DY_sampler_figure_chains_1.pdf"
    },
    "2020-06-14-17-10-39.4121":{
        "action":"saved figure",
        "file name":"DY_sampler_figure_chains_2.pdf",
        "file path":"C:\\Users\\Admin\\Dropbox\\Work\\09_Resources\\Git\\GitHub\\DNNLikelihood\\DNNLikelihood_dev\\tutorials\\Drell-Yan\\Sampler\\figures\\DY_sampler_figure_chains_2.pdf"
    },
    "2020-06-14-17-11-05.0208":{
        "action":"saved figure",
        "file name":"DY_sampler_figure_chains_3.pdf",
        "file path":"C:\\Users\\Admin\\Dropbox\\Work\\09_Resources\\Git\\GitHub\\DNNLikelihood\\DNNLikelihood_dev\\tutorials\\Drell-Yan\\Sampler\\figures\\DY_sampler_figure_chains_3.pdf"
    },
    "2020-06-14-17-11-30.7858":{
        "action":"saved figure",
        "file name":"DY_sampler_figure_chains_20.pdf",
        "file path":"C:\\Users\\Admin\\Dropbox\\Work\\09_Resources\\Git\\GitHub\\DNNLikelihood\\DNNLikelihood_dev\\tutorials\\Drell-Yan\\Sampler\\figures\\DY_sampler_figure_chains_20.pdf"
    },
    "2020-06-14-17-11-37.1835":{
        "action":"saved figure",
        "file name":"DY_sampler_figure_chains_logpdf.pdf",
        "file path":"C:\\Users\\Admin\\Dropbox\\Work\\09_Resources\\Git\\GitHub\\DNNLikelihood\\DNNLikelihood_dev\\tutorials\\Drell-Yan\\Sampler\\figures\\DY_sampler_figure_chains_logpdf.pdf"
    },
    "2020-06-14-17-11-37.7316":{
        "action":"saved",
        "file name":"DY_sampler.h5",
        "file path":"C:\\Users\\Admin\\Dropbox\\Work\\09_Resources\\Git\\GitHub\\DNNLikelihood\\DNNLikelihood_dev\\tutorials\\Drell-Yan\\Sampler\\DY_sampler.h5"
    },
    "2020-06-14-17-32-24.4073":{
        "action":"created data object",
        "files names":[
            "DY_data.log",
            "DY_data_object.h5",
            "DY_data_samples.h5",
            "DY_sampler.log"
        ],
        "files paths":[
            "C:\\Users\\Admin\\Dropbox\\Work\\09_Resources\\Git\\GitHub\\DNNLikelihood\\DNNLikelihood_dev\\tutorials\\Drell-Yan\\Data\\DY_data.log",
            "C:\\Users\\Admin\\Dropbox\\Work\\09_Resources\\Git\\GitHub\\DNNLikelihood\\DNNLikelihood_dev\\tutorials\\Drell-Yan\\Data\\DY_data_object.h5",
            "C:\\Users\\Admin\\Dropbox\\Work\\09_Resources\\Git\\GitHub\\DNNLikelihood\\DNNLikelihood_dev\\tutorials\\Drell-Yan\\Data\\DY_data_samples.h5",
            "C:\\Users\\Admin\\Dropbox\\Work\\09_Resources\\Git\\GitHub\\DNNLikelihood\\DNNLikelihood_dev\\tutorials\\Drell-Yan\\Sampler\\DY_sampler.log"
        ]
    },
    "2020-06-14-17-33-56.1536":{
        "action":"created data object",
        "files names":[
            "DY_data.log",
            "DY_data_object.h5",
            "DY_data_samples.h5",
            "DY_sampler.log"
        ],
        "files paths":[
            "C:\\Users\\Admin\\Dropbox\\Work\\09_Resources\\Git\\GitHub\\DNNLikelihood\\DNNLikelihood_dev\\tutorials\\Drell-Yan\\Data\\DY_data.log",
            "C:\\Users\\Admin\\Dropbox\\Work\\09_Resources\\Git\\GitHub\\DNNLikelihood\\DNNLikelihood_dev\\tutorials\\Drell-Yan\\Data\\DY_data_object.h5",
            "C:\\Users\\Admin\\Dropbox\\Work\\09_Resources\\Git\\GitHub\\DNNLikelihood\\DNNLikelihood_dev\\tutorials\\Drell-Yan\\Data\\DY_data_samples.h5",
            "C:\\Users\\Admin\\Dropbox\\Work\\09_Resources\\Git\\GitHub\\DNNLikelihood\\DNNLikelihood_dev\\tutorials\\Drell-Yan\\Sampler\\DY_sampler.log"
        ]
    }
}