{
    "2020-05-21-18-18-19.0500":{
        "action":"created"
    },
    "2020-05-21-18-18-21.1686":{
        "action":"init sampler",
        "available steps":0
    },
    "2020-05-21-18-18-21.0977":{
        "action":"created backend",
        "file name":"ATLAS_sbottom_search_0_region_A_patch_sbottom_1000_131_1_sampler_backend.h5",
        "file path":"C:\\Users\\Admin\\Dropbox\\Work\\09_Resources\\Git\\GitHub\\DNNLikelihood\\DNNLikelihood_dev\\tutorials\\toy\\ATLAS_sbottom_search\\likelihood_0\\sampler\\ATLAS_sbottom_search_0_region_A_patch_sbottom_1000_131_1_sampler_backend.h5"
    },
    "2020-05-21-18-18-21.1736":{
        "action":"saved",
        "file name":"ATLAS_sbottom_search_0_region_A_patch_sbottom_1000_131_1_sampler.json",
        "file path":"C:\\Users\\Admin\\Dropbox\\Work\\09_Resources\\Git\\GitHub\\DNNLikelihood\\DNNLikelihood_dev\\tutorials\\toy\\ATLAS_sbottom_search\\likelihood_0\\sampler\\ATLAS_sbottom_search_0_region_A_patch_sbottom_1000_131_1_sampler.json"
    },
    "2020-05-21-18-19-17.1448":{
        "action":"run sampler",
        "nsteps":500,
        "available steps":500,
        "file name":"ATLAS_sbottom_search_0_region_A_patch_sbottom_1000_131_1_sampler_backend.h5",
        "file path":"C:\\Users\\Admin\\Dropbox\\Work\\09_Resources\\Git\\GitHub\\DNNLikelihood\\DNNLikelihood_dev\\tutorials\\toy\\ATLAS_sbottom_search\\likelihood_0\\sampler\\ATLAS_sbottom_search_0_region_A_patch_sbottom_1000_131_1_sampler_backend.h5"
    }
}