{
    "2020-05-22-13-48-20.2986":{
        "action":"created"
    },
    "2020-05-22-13-48-20.3166":{
        "action":"saved",
        "file name":"toy_data_object.h5",
        "file path":"C:\\Users\\Admin\\Dropbox\\Work\\09_Resources\\Git\\GitHub\\DNNLikelihood\\DNNLikelihood_dev\\tutorials\\toy\\toy\\data\\toy_data_object.h5"
    },
    "2020-05-22-13-48-20.3316":{
        "action":"saved",
        "file name":"toy_data_samples.h5",
        "file path":"C:\\Users\\Admin\\Dropbox\\Work\\09_Resources\\Git\\GitHub\\DNNLikelihood\\DNNLikelihood_dev\\tutorials\\toy\\toy\\data\\toy_data_samples.h5"
    },
    "2020-05-22-13-48-22.7288":{
        "action":"loaded",
        "files names":[
            "toy_data_samples.h5",
            "toy_data.log",
            "toy_data_object.h5"
        ],
        "files paths":[
            "C:\\Users\\Admin\\Dropbox\\Work\\09_Resources\\Git\\GitHub\\DNNLikelihood\\DNNLikelihood_dev\\tutorials\\toy\\toy\\data\\toy_data_samples.h5",
            "C:\\Users\\Admin\\Dropbox\\Work\\09_Resources\\Git\\GitHub\\DNNLikelihood\\DNNLikelihood_dev\\tutorials\\toy\\toy\\data\\toy_data.log",
            "C:\\Users\\Admin\\Dropbox\\Work\\09_Resources\\Git\\GitHub\\DNNLikelihood\\DNNLikelihood_dev\\tutorials\\toy\\toy\\data\\toy_data_object.h5"
        ]
    }
}