{
    "2020-05-22-10-11-19.3970":{
        "action":"created"
    },
    "2020-05-22-10-11-22.4596":{
        "action":"init sampler",
        "available steps":0
    },
    "2020-05-22-10-11-22.4287":{
        "action":"created backend",
        "file name":"toy_sampler_backend.h5",
        "file path":"C:\\Users\\Admin\\Dropbox\\Work\\09_Resources\\Git\\GitHub\\DNNLikelihood\\DNNLikelihood_dev\\tutorials\\toy\\toy\\sampler\\toy_sampler_backend.h5"
    },
    "2020-05-22-10-11-22.4706":{
        "action":"saved",
        "file name":"toy_sampler.h5",
        "file path":"C:\\Users\\Admin\\Dropbox\\Work\\09_Resources\\Git\\GitHub\\DNNLikelihood\\DNNLikelihood_dev\\tutorials\\toy\\toy\\sampler\\toy_sampler.h5"
    },
    "2020-05-22-10-12-18.4585":{
        "action":"run sampler",
        "nsteps":1000,
        "available steps":1000,
        "file name":"toy_sampler_backend.h5",
        "file path":"C:\\Users\\Admin\\Dropbox\\Work\\09_Resources\\Git\\GitHub\\DNNLikelihood\\DNNLikelihood_dev\\tutorials\\toy\\toy\\sampler\\toy_sampler_backend.h5"
    },
    "2020-05-22-10-12-30.0855":{
        "action":"computed Gelman-Rubin",
        "pars":[
            0,
            5
        ],
        "nsteps":[
            500,
            1000,
            5000,
            10000,
            50000
        ]
    },
    "2020-05-22-10-12-31.7808":{
        "action":"computed Gelman-Rubin",
        "pars":[
            0
        ],
        "nsteps":[
            4,
            6,
            9,
            30,
            60,
            80,
            200,
            500,
            700,
            1000
        ]
    },
    "2020-05-22-10-12-47.5043":{
        "action":"saved figure",
        "file name":"toy_sampler_figure_GR_Rc_0.pdf",
        "file path":"C:\\Users\\Admin\\Dropbox\\Work\\09_Resources\\Git\\GitHub\\DNNLikelihood\\DNNLikelihood_dev\\tutorials\\toy\\toy\\sampler\\figures\\toy_sampler_figure_GR_Rc_0.pdf"
    },
    "2020-05-22-10-12-50.6148":{
        "action":"saved figure",
        "file name":"toy_sampler_figure_GR_sqrtVhat_0.pdf",
        "file path":"C:\\Users\\Admin\\Dropbox\\Work\\09_Resources\\Git\\GitHub\\DNNLikelihood\\DNNLikelihood_dev\\tutorials\\toy\\toy\\sampler\\figures\\toy_sampler_figure_GR_sqrtVhat_0.pdf"
    },
    "2020-05-22-10-12-53.2905":{
        "action":"saved figure",
        "file name":"toy_sampler_figure_GR_sqrtW_0.pdf",
        "file path":"C:\\Users\\Admin\\Dropbox\\Work\\09_Resources\\Git\\GitHub\\DNNLikelihood\\DNNLikelihood_dev\\tutorials\\toy\\toy\\sampler\\figures\\toy_sampler_figure_GR_sqrtW_0.pdf"
    },
    "2020-05-22-10-12-53.7208":{
        "action":"computed Gelman-Rubin",
        "pars":[
            5
        ],
        "nsteps":[
            4,
            6,
            9,
            30,
            60,
            80,
            200,
            500,
            700,
            1000
        ]
    },
    "2020-05-22-10-12-54.0683":{
        "action":"saved figure",
        "file name":"toy_sampler_figure_GR_Rc_5.pdf",
        "file path":"C:\\Users\\Admin\\Dropbox\\Work\\09_Resources\\Git\\GitHub\\DNNLikelihood\\DNNLikelihood_dev\\tutorials\\toy\\toy\\sampler\\figures\\toy_sampler_figure_GR_Rc_5.pdf"
    },
    "2020-05-22-10-12-54.7492":{
        "action":"saved figure",
        "file name":"toy_sampler_figure_GR_sqrtVhat_5.pdf",
        "file path":"C:\\Users\\Admin\\Dropbox\\Work\\09_Resources\\Git\\GitHub\\DNNLikelihood\\DNNLikelihood_dev\\tutorials\\toy\\toy\\sampler\\figures\\toy_sampler_figure_GR_sqrtVhat_5.pdf"
    },
    "2020-05-22-10-12-55.4011":{
        "action":"saved figure",
        "file name":"toy_sampler_figure_GR_sqrtW_5.pdf",
        "file path":"C:\\Users\\Admin\\Dropbox\\Work\\09_Resources\\Git\\GitHub\\DNNLikelihood\\DNNLikelihood_dev\\tutorials\\toy\\toy\\sampler\\figures\\toy_sampler_figure_GR_sqrtW_5.pdf"
    },
    "2020-05-22-10-12-55.9752":{
        "action":"saved figure",
        "file name":"toy_sampler_figure_distr_0.pdf",
        "file path":"C:\\Users\\Admin\\Dropbox\\Work\\09_Resources\\Git\\GitHub\\DNNLikelihood\\DNNLikelihood_dev\\tutorials\\toy\\toy\\sampler\\figures\\toy_sampler_figure_distr_0.pdf"
    },
    "2020-05-22-10-12-58.4692":{
        "action":"saved figure",
        "file name":"toy_sampler_figure_distr_5.pdf",
        "file path":"C:\\Users\\Admin\\Dropbox\\Work\\09_Resources\\Git\\GitHub\\DNNLikelihood\\DNNLikelihood_dev\\tutorials\\toy\\toy\\sampler\\figures\\toy_sampler_figure_distr_5.pdf"
    },
    "2020-05-22-10-13-35.8140":{
        "action":"saved figure",
        "file name":"toy_sampler_figure_autocorr_0.pdf",
        "file path":"C:\\Users\\Admin\\Dropbox\\Work\\09_Resources\\Git\\GitHub\\DNNLikelihood\\DNNLikelihood_dev\\tutorials\\toy\\toy\\sampler\\figures\\toy_sampler_figure_autocorr_0.pdf"
    },
    "2020-05-22-10-14-12.6419":{
        "action":"saved figure",
        "file name":"toy_sampler_figure_autocorr_5.pdf",
        "file path":"C:\\Users\\Admin\\Dropbox\\Work\\09_Resources\\Git\\GitHub\\DNNLikelihood\\DNNLikelihood_dev\\tutorials\\toy\\toy\\sampler\\figures\\toy_sampler_figure_autocorr_5.pdf"
    },
    "2020-05-22-10-14-13.4935":{
        "action":"saved figure",
        "file name":"toy_sampler_figure_chains_0.pdf",
        "file path":"C:\\Users\\Admin\\Dropbox\\Work\\09_Resources\\Git\\GitHub\\DNNLikelihood\\DNNLikelihood_dev\\tutorials\\toy\\toy\\sampler\\figures\\toy_sampler_figure_chains_0.pdf"
    },
    "2020-05-22-10-14-14.3401":{
        "action":"saved figure",
        "file name":"toy_sampler_figure_chains_5.pdf",
        "file path":"C:\\Users\\Admin\\Dropbox\\Work\\09_Resources\\Git\\GitHub\\DNNLikelihood\\DNNLikelihood_dev\\tutorials\\toy\\toy\\sampler\\figures\\toy_sampler_figure_chains_5.pdf"
    },
    "2020-05-22-10-14-15.2097":{
        "action":"saved figure",
        "file name":"toy_sampler_figure_chains_logpdf.pdf",
        "file path":"C:\\Users\\Admin\\Dropbox\\Work\\09_Resources\\Git\\GitHub\\DNNLikelihood\\DNNLikelihood_dev\\tutorials\\toy\\toy\\sampler\\figures\\toy_sampler_figure_chains_logpdf.pdf"
    },
    "2020-05-22-10-14-15.6470":{
        "action":"saved",
        "file name":"toy_sampler.h5",
        "file path":"C:\\Users\\Admin\\Dropbox\\Work\\09_Resources\\Git\\GitHub\\DNNLikelihood\\DNNLikelihood_dev\\tutorials\\toy\\toy\\sampler\\toy_sampler.h5"
    },
    "2020-05-22-10-17-40.8873":{
        "action":"loaded backend",
        "file name":"toy_sampler_backend.h5",
        "file path":"C:\\Users\\Admin\\Dropbox\\Work\\09_Resources\\Git\\GitHub\\DNNLikelihood\\DNNLikelihood_dev\\tutorials\\toy\\toy\\sampler\\toy_sampler_backend.h5"
    },
    "2020-05-22-10-17-40.9233":{
        "action":"init sampler",
        "available steps":1000
    },
    "2020-05-22-10-18-39.4599":{
        "action":"loaded",
        "files names":[
            "toy_sampler.h5",
            "toy_sampler.log"
        ],
        "files paths":[
            "C:\\Users\\Admin\\Dropbox\\Work\\09_Resources\\Git\\GitHub\\DNNLikelihood\\DNNLikelihood_dev\\tutorials\\toy\\toy\\sampler\\toy_sampler.h5",
            "C:\\Users\\Admin\\Dropbox\\Work\\09_Resources\\Git\\GitHub\\DNNLikelihood\\DNNLikelihood_dev\\tutorials\\toy\\toy\\sampler\\toy_sampler.log"
        ]
    },
    "2020-05-22-10-18-42.5510":{
        "action":"init sampler",
        "available steps":1000
    },
    "2020-05-22-10-18-42.4941":{
        "action":"loaded backend",
        "file name":"toy_sampler_backend.h5",
        "file path":"C:\\Users\\Admin\\Dropbox\\Work\\09_Resources\\Git\\GitHub\\DNNLikelihood\\DNNLikelihood_dev\\tutorials\\toy\\toy\\sampler\\toy_sampler_backend.h5"
    },
    "2020-05-22-10-22-07.6567":{
        "action":"loaded",
        "files names":[
            "toy_sampler.h5",
            "toy_sampler.log"
        ],
        "files paths":[
            "C:\\Users\\Admin\\Dropbox\\Work\\09_Resources\\Git\\GitHub\\DNNLikelihood\\DNNLikelihood_dev\\tutorials\\toy\\toy\\sampler\\toy_sampler.h5",
            "C:\\Users\\Admin\\Dropbox\\Work\\09_Resources\\Git\\GitHub\\DNNLikelihood\\DNNLikelihood_dev\\tutorials\\toy\\toy\\sampler\\toy_sampler.log"
        ]
    },
    "2020-05-22-10-22-10.7208":{
        "action":"init sampler",
        "available steps":1000
    },
    "2020-05-22-10-22-10.6809":{
        "action":"loaded backend",
        "file name":"toy_sampler_backend.h5",
        "file path":"C:\\Users\\Admin\\Dropbox\\Work\\09_Resources\\Git\\GitHub\\DNNLikelihood\\DNNLikelihood_dev\\tutorials\\toy\\toy\\sampler\\toy_sampler_backend.h5"
    },
    "2020-05-22-10-24-23.5829":{
        "action":"run sampler",
        "nsteps":1000,
        "available steps":2000,
        "file name":"toy_sampler_backend.h5",
        "file path":"C:\\Users\\Admin\\Dropbox\\Work\\09_Resources\\Git\\GitHub\\DNNLikelihood\\DNNLikelihood_dev\\tutorials\\toy\\toy\\sampler\\toy_sampler_backend.h5"
    },
    "2020-05-22-12-06-36.9717":{
        "action":"loaded",
        "files names":[
            "toy_sampler.h5",
            "toy_sampler.log"
        ],
        "files paths":[
            "C:\\Users\\Admin\\Dropbox\\Work\\09_Resources\\Git\\GitHub\\DNNLikelihood\\DNNLikelihood_dev\\tutorials\\toy\\toy\\sampler\\toy_sampler.h5",
            "C:\\Users\\Admin\\Dropbox\\Work\\09_Resources\\Git\\GitHub\\DNNLikelihood\\DNNLikelihood_dev\\tutorials\\toy\\toy\\sampler\\toy_sampler.log"
        ]
    },
    "2020-05-22-12-06-40.0578":{
        "action":"init sampler",
        "available steps":2000
    },
    "2020-05-22-12-06-40.0029":{
        "action":"loaded backend",
        "file name":"toy_sampler_backend.h5",
        "file path":"C:\\Users\\Admin\\Dropbox\\Work\\09_Resources\\Git\\GitHub\\DNNLikelihood\\DNNLikelihood_dev\\tutorials\\toy\\toy\\sampler\\toy_sampler_backend.h5"
    },
    "2020-05-22-12-46-32.7455":{
        "action":"run sampler",
        "nsteps":98000,
        "available steps":100000,
        "file name":"toy_sampler_backend.h5",
        "file path":"C:\\Users\\Admin\\Dropbox\\Work\\09_Resources\\Git\\GitHub\\DNNLikelihood\\DNNLikelihood_dev\\tutorials\\toy\\toy\\sampler\\toy_sampler_backend.h5"
    },
    "2020-05-22-12-56-53.1316":{
        "action":"saved",
        "file name":"toy_sampler.h5",
        "file path":"C:\\Users\\Admin\\Dropbox\\Work\\09_Resources\\Git\\GitHub\\DNNLikelihood\\DNNLikelihood_dev\\tutorials\\toy\\toy\\sampler\\toy_sampler.h5"
    },
    "2020-05-22-12-57-57.6301":{
        "action":"loaded",
        "files names":[
            "toy_sampler.h5",
            "toy_sampler.log"
        ],
        "files paths":[
            "C:\\Users\\Admin\\Dropbox\\Work\\09_Resources\\Git\\GitHub\\DNNLikelihood\\DNNLikelihood_dev\\tutorials\\toy\\toy\\sampler\\toy_sampler.h5",
            "C:\\Users\\Admin\\Dropbox\\Work\\09_Resources\\Git\\GitHub\\DNNLikelihood\\DNNLikelihood_dev\\tutorials\\toy\\toy\\sampler\\toy_sampler.log"
        ]
    },
    "2020-05-22-12-58-00.7317":{
        "action":"init sampler",
        "available steps":100000
    },
    "2020-05-22-12-58-00.6718":{
        "action":"loaded backend",
        "file name":"toy_sampler_backend.h5",
        "file path":"C:\\Users\\Admin\\Dropbox\\Work\\09_Resources\\Git\\GitHub\\DNNLikelihood\\DNNLikelihood_dev\\tutorials\\toy\\toy\\sampler\\toy_sampler_backend.h5"
    },
    "2020-05-22-13-05-59.0944":{
        "action":"loaded",
        "files names":[
            "toy_sampler.h5",
            "toy_sampler.log"
        ],
        "files paths":[
            "C:\\Users\\Admin\\Dropbox\\Work\\09_Resources\\Git\\GitHub\\DNNLikelihood\\DNNLikelihood_dev\\tutorials\\toy\\toy\\sampler\\toy_sampler.h5",
            "C:\\Users\\Admin\\Dropbox\\Work\\09_Resources\\Git\\GitHub\\DNNLikelihood\\DNNLikelihood_dev\\tutorials\\toy\\toy\\sampler\\toy_sampler.log"
        ]
    },
    "2020-05-22-13-06-02.1804":{
        "action":"init sampler",
        "available steps":100000
    },
    "2020-05-22-13-06-02.1265":{
        "action":"loaded backend",
        "file name":"toy_sampler_backend.h5",
        "file path":"C:\\Users\\Admin\\Dropbox\\Work\\09_Resources\\Git\\GitHub\\DNNLikelihood\\DNNLikelihood_dev\\tutorials\\toy\\toy\\sampler\\toy_sampler_backend.h5"
    },
    "2020-05-22-13-06-59.8190":{
        "action":"created data object",
        "files names":[
            "toy_data.log",
            "toy_data_object.h5",
            "toy_data_samples.h5",
            "toy_sampler.log"
        ],
        "files paths":[
            "C:\\Users\\Admin\\Dropbox\\Work\\09_Resources\\Git\\GitHub\\DNNLikelihood\\DNNLikelihood_dev\\tutorials\\toy\\toy\\data\\toy_data.log",
            "C:\\Users\\Admin\\Dropbox\\Work\\09_Resources\\Git\\GitHub\\DNNLikelihood\\DNNLikelihood_dev\\tutorials\\toy\\toy\\data\\toy_data_object.h5",
            "C:\\Users\\Admin\\Dropbox\\Work\\09_Resources\\Git\\GitHub\\DNNLikelihood\\DNNLikelihood_dev\\tutorials\\toy\\toy\\data\\toy_data_samples.h5",
            "C:\\Users\\Admin\\Dropbox\\Work\\09_Resources\\Git\\GitHub\\DNNLikelihood\\DNNLikelihood_dev\\tutorials\\toy\\toy\\sampler\\toy_sampler.log"
        ]
    },
    "2020-05-22-13-23-47.3470":{
        "action":"loaded",
        "files names":[
            "toy_sampler.h5",
            "toy_sampler.log"
        ],
        "files paths":[
            "C:\\Users\\Admin\\Dropbox\\Work\\09_Resources\\Git\\GitHub\\DNNLikelihood\\DNNLikelihood_dev\\tutorials\\toy\\toy\\sampler\\toy_sampler.h5",
            "C:\\Users\\Admin\\Dropbox\\Work\\09_Resources\\Git\\GitHub\\DNNLikelihood\\DNNLikelihood_dev\\tutorials\\toy\\toy\\sampler\\toy_sampler.log"
        ]
    },
    "2020-05-22-13-23-50.4432":{
        "action":"init sampler",
        "available steps":100000
    },
    "2020-05-22-13-23-50.3853":{
        "action":"loaded backend",
        "file name":"toy_sampler_backend.h5",
        "file path":"C:\\Users\\Admin\\Dropbox\\Work\\09_Resources\\Git\\GitHub\\DNNLikelihood\\DNNLikelihood_dev\\tutorials\\toy\\toy\\sampler\\toy_sampler_backend.h5"
    },
    "2020-05-22-13-24-42.3307":{
        "action":"created data object",
        "files names":[
            "toy_data.log",
            "toy_data_object.h5",
            "toy_data_samples.h5",
            "toy_sampler.log"
        ],
        "files paths":[
            "C:\\Users\\Admin\\Dropbox\\Work\\09_Resources\\Git\\GitHub\\DNNLikelihood\\DNNLikelihood_dev\\tutorials\\toy\\toy\\data\\toy_data.log",
            "C:\\Users\\Admin\\Dropbox\\Work\\09_Resources\\Git\\GitHub\\DNNLikelihood\\DNNLikelihood_dev\\tutorials\\toy\\toy\\data\\toy_data_object.h5",
            "C:\\Users\\Admin\\Dropbox\\Work\\09_Resources\\Git\\GitHub\\DNNLikelihood\\DNNLikelihood_dev\\tutorials\\toy\\toy\\data\\toy_data_samples.h5",
            "C:\\Users\\Admin\\Dropbox\\Work\\09_Resources\\Git\\GitHub\\DNNLikelihood\\DNNLikelihood_dev\\tutorials\\toy\\toy\\sampler\\toy_sampler.log"
        ]
    },
    "2020-05-22-13-35-25.5029":{
        "action":"loaded",
        "files names":[
            "toy_sampler.h5",
            "toy_sampler.log"
        ],
        "files paths":[
            "C:\\Users\\Admin\\Dropbox\\Work\\09_Resources\\Git\\GitHub\\DNNLikelihood\\DNNLikelihood_dev\\tutorials\\toy\\toy\\sampler\\toy_sampler.h5",
            "C:\\Users\\Admin\\Dropbox\\Work\\09_Resources\\Git\\GitHub\\DNNLikelihood\\DNNLikelihood_dev\\tutorials\\toy\\toy\\sampler\\toy_sampler.log"
        ]
    },
    "2020-05-22-13-35-28.5640":{
        "action":"init sampler",
        "available steps":100000
    },
    "2020-05-22-13-35-28.5270":{
        "action":"loaded backend",
        "file name":"toy_sampler_backend.h5",
        "file path":"C:\\Users\\Admin\\Dropbox\\Work\\09_Resources\\Git\\GitHub\\DNNLikelihood\\DNNLikelihood_dev\\tutorials\\toy\\toy\\sampler\\toy_sampler_backend.h5"
    },
    "2020-05-22-13-35-42.8212":{
        "action":"created data object",
        "files names":[
            "toy_data.log",
            "toy_data_object.h5",
            "toy_data_samples.h5",
            "toy_sampler.log"
        ],
        "files paths":[
            "C:\\Users\\Admin\\Dropbox\\Work\\09_Resources\\Git\\GitHub\\DNNLikelihood\\DNNLikelihood_dev\\tutorials\\toy\\toy\\data\\toy_data.log",
            "C:\\Users\\Admin\\Dropbox\\Work\\09_Resources\\Git\\GitHub\\DNNLikelihood\\DNNLikelihood_dev\\tutorials\\toy\\toy\\data\\toy_data_object.h5",
            "C:\\Users\\Admin\\Dropbox\\Work\\09_Resources\\Git\\GitHub\\DNNLikelihood\\DNNLikelihood_dev\\tutorials\\toy\\toy\\data\\toy_data_samples.h5",
            "C:\\Users\\Admin\\Dropbox\\Work\\09_Resources\\Git\\GitHub\\DNNLikelihood\\DNNLikelihood_dev\\tutorials\\toy\\toy\\sampler\\toy_sampler.log"
        ]
    },
    "2020-05-22-13-48-10.6451":{
        "action":"loaded",
        "files names":[
            "toy_sampler.h5",
            "toy_sampler.log"
        ],
        "files paths":[
            "C:\\Users\\Admin\\Dropbox\\Work\\09_Resources\\Git\\GitHub\\DNNLikelihood\\DNNLikelihood_dev\\tutorials\\toy\\toy\\sampler\\toy_sampler.h5",
            "C:\\Users\\Admin\\Dropbox\\Work\\09_Resources\\Git\\GitHub\\DNNLikelihood\\DNNLikelihood_dev\\tutorials\\toy\\toy\\sampler\\toy_sampler.log"
        ]
    },
    "2020-05-22-13-48-13.7076":{
        "action":"init sampler",
        "available steps":100000
    },
    "2020-05-22-13-48-13.6706":{
        "action":"loaded backend",
        "file name":"toy_sampler_backend.h5",
        "file path":"C:\\Users\\Admin\\Dropbox\\Work\\09_Resources\\Git\\GitHub\\DNNLikelihood\\DNNLikelihood_dev\\tutorials\\toy\\toy\\sampler\\toy_sampler_backend.h5"
    },
    "2020-05-22-13-48-20.3336":{
        "action":"created data object",
        "files names":[
            "toy_data.log",
            "toy_data_object.h5",
            "toy_data_samples.h5",
            "toy_sampler.log"
        ],
        "files paths":[
            "C:\\Users\\Admin\\Dropbox\\Work\\09_Resources\\Git\\GitHub\\DNNLikelihood\\DNNLikelihood_dev\\tutorials\\toy\\toy\\data\\toy_data.log",
            "C:\\Users\\Admin\\Dropbox\\Work\\09_Resources\\Git\\GitHub\\DNNLikelihood\\DNNLikelihood_dev\\tutorials\\toy\\toy\\data\\toy_data_object.h5",
            "C:\\Users\\Admin\\Dropbox\\Work\\09_Resources\\Git\\GitHub\\DNNLikelihood\\DNNLikelihood_dev\\tutorials\\toy\\toy\\data\\toy_data_samples.h5",
            "C:\\Users\\Admin\\Dropbox\\Work\\09_Resources\\Git\\GitHub\\DNNLikelihood\\DNNLikelihood_dev\\tutorials\\toy\\toy\\sampler\\toy_sampler.log"
        ]
    }
}